#
# There is insufficient memory for the Java Runtime Environment to continue.
# Native memory allocation (mmap) failed to map 29360128 bytes for G1 virtual space
# Possible reasons:
#   The system is out of physical RAM or swap space
#   The process is running with CompressedOops enabled, and the Java Heap may be blocking the growth of the native heap
# Possible solutions:
#   Reduce memory load on the system
#   Increase physical memory or swap space
#   Check if swap backing store is full
#   Decrease Java heap size (-Xmx/-Xms)
#   Decrease number of Java threads
#   Decrease Java thread stack sizes (-Xss)
#   Set larger code cache with -XX:ReservedCodeCacheSize=
#   JVM is running with Unscaled Compressed Oops mode in which the Java heap is
#     placed in the first 4GB address space. The Java Heap base address is the
#     maximum limit for the native heap growth. Please use -XX:HeapBaseMinAddress
#     to set the Java Heap base and to place the Java Heap above 4GB virtual address.
# This output file may be truncated or incomplete.
#
#  Out of Memory Error (os_windows.cpp:3535), pid=172, tid=18572
#
# JRE version: Java(TM) SE Runtime Environment (17.0.4+11) (build 17.0.4+11-LTS-179)
# Java VM: Java HotSpot(TM) 64-Bit Server VM (17.0.4+11-LTS-179, mixed mode, sharing, tiered, compressed oops, compressed class ptrs, g1 gc, windows-amd64)
# No core dump will be written. Minidumps are not enabled by default on client versions of Windows
#

---------------  S U M M A R Y ------------

Command Line: --add-opens=java.base/java.util=ALL-UNNAMED --add-opens=java.base/java.lang=ALL-UNNAMED --add-opens=java.base/java.lang.invoke=ALL-UNNAMED --add-opens=java.prefs/java.util.prefs=ALL-UNNAMED --add-opens=java.base/java.nio.charset=ALL-UNNAMED --add-opens=java.base/java.net=ALL-UNNAMED --add-opens=java.base/java.util.concurrent.atomic=ALL-UNNAMED -XX:MaxMetaspaceSize=384m -XX:+HeapDumpOnOutOfMemoryError -Xms256m -Xmx512m -Dfile.encoding=windows-1251 -Duser.country=RU -Duser.language=ru -Duser.variant -javaagent:C:\gradle-8.4\wrapper\dists\gradle-8.5-bin\5t9huq95ubn472n8rpzujfbqh\gradle-8.5\lib\agents\gradle-instrumentation-agent-8.5.jar org.gradle.launcher.daemon.bootstrap.GradleDaemon 8.5

Host: Intel(R) Core(TM) i7-8550U CPU @ 1.80GHz, 8 cores, 15G,  Windows 10 , 64 bit Build 19041 (10.0.19041.4842)
Time: Wed Oct  9 18:11:39 2024 RTZ 2 (s 10 , 64 bit Build 19041 (10.0.19041.4842) elapsed time: 8356.389026 seconds (0d 2h 19m 16s)

---------------  T H R E A D  ---------------

Current thread (0x000001e3fff3a130):  VMThread "VM Thread" [stack: 0x000000832e400000,0x000000832e500000] [id=18572]

Stack: [0x000000832e400000,0x000000832e500000]
Native frames: (J=compiled Java code, j=interpreted, Vv=VM code, C=native code)
V  [jvm.dll+0x6723da]
V  [jvm.dll+0x7d1f74]
V  [jvm.dll+0x7d371e]
V  [jvm.dll+0x7d3d83]
V  [jvm.dll+0x242ed5]
V  [jvm.dll+0x66f2f9]
V  [jvm.dll+0x663c42]
V  [jvm.dll+0x30103b]
V  [jvm.dll+0x3085d6]
V  [jvm.dll+0x35844e]
V  [jvm.dll+0x35867f]
V  [jvm.dll+0x2d8258]
V  [jvm.dll+0x2db2d6]
V  [jvm.dll+0x2e5928]
V  [jvm.dll+0x3197b0]
V  [jvm.dll+0x7d825b]
V  [jvm.dll+0x7d8f94]
V  [jvm.dll+0x7d94ac]
V  [jvm.dll+0x7d9884]
V  [jvm.dll+0x7d9950]
V  [jvm.dll+0x78201a]
V  [jvm.dll+0x671265]
C  [ucrtbase.dll+0x21bb2]
C  [KERNEL32.DLL+0x17374]
C  [ntdll.dll+0x4cc91]

VM_Operation (0x000000832e0ff930): G1Concurrent, mode: safepoint, requested by thread 0x000001e3f66cbf60


---------------  P R O C E S S  ---------------

Threads class SMR info:
_java_thread_list=0x000001e39c8790b0, length=76, elements={
0x000001e3f6698a90, 0x000001e3fff3f930, 0x000001e3fff406b0, 0x000001e3fff5a580,
0x000001e3fff5b040, 0x000001e3fff5d910, 0x000001e3fff5e1d0, 0x000001e3fff5ee70,
0x000001e3fff5f820, 0x000001e3fff6b150, 0x000001e3fff2add0, 0x000001e391b1b4b0,
0x000001e3944af960, 0x000001e393228c40, 0x000001e3929ddfb0, 0x000001e393845390,
0x000001e393843b80, 0x000001e3938419d0, 0x000001e393844ec0, 0x000001e393842840,
0x000001e3953e4e10, 0x000001e3953e52e0, 0x000001e3953e3130, 0x000001e3953e57b0,
0x000001e3953e2790, 0x000001e3953df770, 0x000001e3953dfc40, 0x000001e3953e2c60,
0x000001e3953e0110, 0x000001e3953e05e0, 0x000001e3953e3600, 0x000001e39792d080,
0x000001e394883f30, 0x000001e39792a530, 0x000001e39792cbb0, 0x000001e39792e890,
0x000001e39792aa00, 0x000001e39792f230, 0x000001e39792bd40, 0x000001e39792f700,
0x000001e397930570, 0x000001e39792aed0, 0x000001e39792c210, 0x000001e397930a40,
0x000001e396d33cd0, 0x000001e396d359b0, 0x000001e396d36820, 0x000001e396d36cf0,
0x000001e396d3a6b0, 0x000001e396d35e80, 0x000001e396d38500, 0x000001e396d371c0,
0x000001e396d36350, 0x000001e396d37690, 0x000001e394f92010, 0x000001e395359d30,
0x000001e39535a200, 0x000001e39535c3b0, 0x000001e395358520, 0x000001e395358ec0,
0x000001e395359390, 0x000001e39535e090, 0x000001e39535aba0, 0x000001e3953576b0,
0x000001e39535b070, 0x000001e39a477790, 0x000001e395357b80, 0x000001e395359860,
0x000001e395358050, 0x000001e39535ba10, 0x000001e39535bee0, 0x000001e39535c880,
0x000001e395819bb0, 0x000001e39581a080, 0x000001e395819210, 0x000001e395818870
}

Java Threads: ( => current thread )
  0x000001e3f6698a90 JavaThread "main" [_thread_blocked, id=19952, stack(0x000000832de00000,0x000000832df00000)]
  0x000001e3fff3f930 JavaThread "Reference Handler" daemon [_thread_blocked, id=13556, stack(0x000000832e500000,0x000000832e600000)]
  0x000001e3fff406b0 JavaThread "Finalizer" daemon [_thread_blocked, id=19928, stack(0x000000832e600000,0x000000832e700000)]
  0x000001e3fff5a580 JavaThread "Signal Dispatcher" daemon [_thread_blocked, id=18680, stack(0x000000832e700000,0x000000832e800000)]
  0x000001e3fff5b040 JavaThread "Attach Listener" daemon [_thread_blocked, id=17540, stack(0x000000832e800000,0x000000832e900000)]
  0x000001e3fff5d910 JavaThread "Service Thread" daemon [_thread_blocked, id=17696, stack(0x000000832e900000,0x000000832ea00000)]
  0x000001e3fff5e1d0 JavaThread "Monitor Deflation Thread" daemon [_thread_blocked, id=19056, stack(0x000000832ea00000,0x000000832eb00000)]
  0x000001e3fff5ee70 JavaThread "C2 CompilerThread0" daemon [_thread_blocked, id=12244, stack(0x000000832eb00000,0x000000832ec00000)]
  0x000001e3fff5f820 JavaThread "C1 CompilerThread0" daemon [_thread_blocked, id=12472, stack(0x000000832ec00000,0x000000832ed00000)]
  0x000001e3fff6b150 JavaThread "Sweeper thread" daemon [_thread_blocked, id=16104, stack(0x000000832ed00000,0x000000832ee00000)]
  0x000001e3fff2add0 JavaThread "Common-Cleaner" daemon [_thread_blocked, id=9736, stack(0x000000832ee00000,0x000000832ef00000)]
  0x000001e391b1b4b0 JavaThread "Notification Thread" daemon [_thread_blocked, id=7348, stack(0x000000832ef00000,0x000000832f000000)]
  0x000001e3944af960 JavaThread "Daemon health stats" [_thread_blocked, id=15160, stack(0x000000832f800000,0x000000832f900000)]
  0x000001e393228c40 JavaThread "Incoming local TCP Connector on port 51836" [_thread_in_native, id=9692, stack(0x000000832f900000,0x000000832fa00000)]
  0x000001e3929ddfb0 JavaThread "Daemon periodic checks" [_thread_blocked, id=11844, stack(0x000000832fa00000,0x000000832fb00000)]
  0x000001e393845390 JavaThread "Cache worker for journal cache (C:\gradle-8.4\caches\journal-1)" [_thread_blocked, id=19028, stack(0x000000832f700000,0x000000832f800000)]
  0x000001e393843b80 JavaThread "File lock request listener" [_thread_in_native, id=12660, stack(0x0000008330200000,0x0000008330300000)]
  0x000001e3938419d0 JavaThread "Cache worker for file hash cache (C:\gradle-8.4\caches\8.5\fileHashes)" [_thread_blocked, id=11256, stack(0x0000008330300000,0x0000008330400000)]
  0x000001e393844ec0 JavaThread "File watcher server" daemon [_thread_blocked, id=19124, stack(0x0000008330500000,0x0000008330600000)]
  0x000001e393842840 JavaThread "File watcher consumer" daemon [_thread_blocked, id=7848, stack(0x0000008330600000,0x0000008330700000)]
  0x000001e3953e4e10 JavaThread "Cache worker for file content cache (C:\gradle-8.4\caches\8.5\fileContent)" [_thread_blocked, id=7144, stack(0x0000008330e00000,0x0000008330f00000)]
  0x000001e3953e52e0 JavaThread "Cache worker for execution history cache (C:\gradle-8.4\caches\8.5\executionHistory)" [_thread_blocked, id=11624, stack(0x0000008330f00000,0x0000008331000000)]
  0x000001e3953e3130 JavaThread "jar transforms" [_thread_blocked, id=9172, stack(0x0000008331000000,0x0000008331100000)]
  0x000001e3953e57b0 JavaThread "jar transforms Thread 2" [_thread_blocked, id=12740, stack(0x0000008331100000,0x0000008331200000)]
  0x000001e3953e2790 JavaThread "jar transforms Thread 3" [_thread_blocked, id=19080, stack(0x0000008331200000,0x0000008331300000)]
  0x000001e3953df770 JavaThread "jar transforms Thread 4" [_thread_blocked, id=16956, stack(0x0000008331300000,0x0000008331400000)]
  0x000001e3953dfc40 JavaThread "jar transforms Thread 5" [_thread_blocked, id=12832, stack(0x0000008331400000,0x0000008331500000)]
  0x000001e3953e2c60 JavaThread "jar transforms Thread 6" [_thread_blocked, id=16560, stack(0x0000008331500000,0x0000008331600000)]
  0x000001e3953e0110 JavaThread "Cache worker for kotlin-dsl (C:\gradle-8.4\caches\8.5\kotlin-dsl)" [_thread_blocked, id=19908, stack(0x0000008331600000,0x0000008331700000)]
  0x000001e3953e05e0 JavaThread "jar transforms Thread 7" [_thread_blocked, id=13752, stack(0x0000008331b00000,0x0000008331c00000)]
  0x000001e3953e3600 JavaThread "jar transforms Thread 8" [_thread_blocked, id=9936, stack(0x0000008331c00000,0x0000008331d00000)]
  0x000001e39792d080 JavaThread "Memory manager" [_thread_blocked, id=13164, stack(0x0000008332700000,0x0000008332800000)]
  0x000001e394883f30 JavaThread "Cache worker for Java compile cache (C:\gradle-8.4\caches\8.5\javaCompile)" [_thread_blocked, id=5332, stack(0x0000008338700000,0x0000008338800000)]
  0x000001e39792a530 JavaThread "Daemon Thread 7" [_thread_blocked, id=17312, stack(0x000000832db00000,0x000000832dc00000)]
  0x000001e39792cbb0 JavaThread "Handler for socket connection from /127.0.0.1:51836 to /127.0.0.1:53347" [_thread_in_native, id=18016, stack(0x000000832dc00000,0x000000832dd00000)]
  0x000001e39792e890 JavaThread "Cancel handler" [_thread_blocked, id=16720, stack(0x000000832dd00000,0x000000832de00000)]
  0x000001e39792aa00 JavaThread "Daemon worker Thread 6" [_thread_blocked, id=16252, stack(0x000000832f100000,0x000000832f200000)]
  0x000001e39792f230 JavaThread "Asynchronous log dispatcher for DefaultDaemonConnection: socket connection from /127.0.0.1:51836 to /127.0.0.1:53347" [_thread_blocked, id=19676, stack(0x000000832fb00000,0x000000832fc00000)]
  0x000001e39792bd40 JavaThread "Stdin handler" [_thread_blocked, id=18376, stack(0x000000832fc00000,0x000000832fd00000)]
  0x000001e39792f700 JavaThread "Daemon client event forwarder" [_thread_blocked, id=16608, stack(0x000000832fd00000,0x000000832fe00000)]
  0x000001e397930570 JavaThread "Cache worker for checksums cache (D:\Программирование\Собеседования\Тестовые задания\Ilnur_Taktabaev\test-Ilnur-Taktabaev\.gradle\8.5\checksums)" [_thread_blocked, id=18476, stack(0x000000832ff00000,0x0000008330000000)]
  0x000001e39792aed0 JavaThread "Cache worker for file hash cache (D:\Программирование\Собеседования\Тестовые задания\Ilnur_Taktabaev\test-Ilnur-Taktabaev\.gradle\8.5\fileHashes)" [_thread_blocked, id=18164, stack(0x0000008330000000,0x0000008330100000)]
  0x000001e39792c210 JavaThread "Cache worker for cache directory md-supplier (C:\gradle-8.4\caches\8.5\md-supplier)" [_thread_blocked, id=1652, stack(0x0000008330100000,0x0000008330200000)]
  0x000001e397930a40 JavaThread "Cache worker for cache directory md-rule (C:\gradle-8.4\caches\8.5\md-rule)" [_thread_blocked, id=1604, stack(0x0000008330400000,0x0000008330500000)]
  0x000001e396d33cd0 JavaThread "Cache worker for dependencies-accessors (D:\Программирование\Собеседования\Тестовые задания\Ilnur_Taktabaev\test-Ilnur-Taktabaev\.gradle\8.5\dependencies-accessors)" [_thread_blocked, id=19520, stack(0x0000008330b00000,0x0000008330c00000)]
  0x000001e396d359b0 JavaThread "Cache worker for Build Output Cleanup Cache (D:\Программирование\Собеседования\Тестовые задания\Ilnur_Taktabaev\test-Ilnur-Taktabaev\eureka-server\.gradle\buildOutputCleanup)" [_thread_blocked, id=11704, stack(0x0000008330c00000,0x0000008330d00000)]
  0x000001e396d36820 JavaThread "Unconstrained build operations" [_thread_blocked, id=6556, stack(0x0000008330d00000,0x0000008330e00000)]
  0x000001e396d36cf0 JavaThread "Unconstrained build operations Thread 2" [_thread_blocked, id=17108, stack(0x0000008331d00000,0x0000008331e00000)]
  0x000001e396d3a6b0 JavaThread "Unconstrained build operations Thread 3" [_thread_blocked, id=15256, stack(0x0000008331e00000,0x0000008331f00000)]
  0x000001e396d35e80 JavaThread "Unconstrained build operations Thread 4" [_thread_blocked, id=12508, stack(0x0000008331f00000,0x0000008332000000)]
  0x000001e396d38500 JavaThread "Unconstrained build operations Thread 5" [_thread_blocked, id=5940, stack(0x0000008332000000,0x0000008332100000)]
  0x000001e396d371c0 JavaThread "Unconstrained build operations Thread 6" [_thread_blocked, id=19400, stack(0x0000008332100000,0x0000008332200000)]
  0x000001e396d36350 JavaThread "Unconstrained build operations Thread 7" [_thread_blocked, id=18136, stack(0x0000008332200000,0x0000008332300000)]
  0x000001e396d37690 JavaThread "Cache worker for Build Output Cleanup Cache (D:\Программирование\Собеседования\Тестовые задания\Ilnur_Taktabaev\test-Ilnur-Taktabaev\user-service\.gradle\buildOutputCleanup)" [_thread_blocked, id=756, stack(0x0000008332300000,0x0000008332400000)]
  0x000001e394f92010 JavaThread "C2 CompilerThread1" daemon [_thread_in_native, id=15344, stack(0x000000832fe00000,0x000000832ff00000)]
  0x000001e395359d30 JavaThread "Cache worker for Build Output Cleanup Cache (D:\Программирование\Собеседования\Тестовые задания\Ilnur_Taktabaev\test-Ilnur-Taktabaev\.gradle\buildOutputCleanup)" [_thread_blocked, id=992, stack(0x0000008332400000,0x0000008332500000)]
  0x000001e39535a200 JavaThread "included builds" [_thread_blocked, id=19208, stack(0x0000008330a00000,0x0000008330b00000)]
  0x000001e39535c3b0 JavaThread "Execution worker" [_thread_blocked, id=19896, stack(0x0000008332500000,0x0000008332600000)]
  0x000001e395358520 JavaThread "Execution worker Thread 2" [_thread_blocked, id=11312, stack(0x0000008332600000,0x0000008332700000)]
  0x000001e395358ec0 JavaThread "Execution worker Thread 3" [_thread_blocked, id=15420, stack(0x0000008332800000,0x0000008332900000)]
  0x000001e395359390 JavaThread "Execution worker Thread 4" [_thread_blocked, id=12268, stack(0x0000008332900000,0x0000008332a00000)]
  0x000001e39535e090 JavaThread "Execution worker Thread 5" [_thread_blocked, id=16260, stack(0x0000008332a00000,0x0000008332b00000)]
  0x000001e39535aba0 JavaThread "Execution worker Thread 6" [_thread_blocked, id=11876, stack(0x0000008332b00000,0x0000008332c00000)]
  0x000001e3953576b0 JavaThread "Execution worker Thread 7" [_thread_blocked, id=11372, stack(0x0000008332c00000,0x0000008332d00000)]
  0x000001e39535b070 JavaThread "Cache worker for execution history cache (D:\Программирование\Собеседования\Тестовые задания\Ilnur_Taktabaev\test-Ilnur-Taktabaev\.gradle\8.5\executionHistory)" [_thread_blocked, id=19544, stack(0x0000008332d00000,0x0000008332e00000)]
  0x000001e39a477790 JavaThread "C2 CompilerThread2" daemon [_thread_in_native, id=1508, stack(0x0000008332e00000,0x0000008332f00000)]
  0x000001e395357b80 JavaThread "Unconstrained build operations Thread 8" [_thread_blocked, id=9676, stack(0x0000008332f00000,0x0000008333000000)]
  0x000001e395359860 JavaThread "Unconstrained build operations Thread 9" [_thread_blocked, id=8836, stack(0x0000008333000000,0x0000008333100000)]
  0x000001e395358050 JavaThread "Unconstrained build operations Thread 10" [_thread_blocked, id=16680, stack(0x0000008333100000,0x0000008333200000)]
  0x000001e39535ba10 JavaThread "Unconstrained build operations Thread 11" [_thread_blocked, id=272, stack(0x0000008333200000,0x0000008333300000)]
  0x000001e39535bee0 JavaThread "Unconstrained build operations Thread 12" [_thread_blocked, id=19884, stack(0x0000008333300000,0x0000008333400000)]
  0x000001e39535c880 JavaThread "Unconstrained build operations Thread 13" [_thread_blocked, id=12732, stack(0x0000008333400000,0x0000008333500000)]
  0x000001e395819bb0 JavaThread "Unconstrained build operations Thread 14" [_thread_blocked, id=17240, stack(0x0000008333500000,0x0000008333600000)]
  0x000001e39581a080 JavaThread "Unconstrained build operations Thread 15" [_thread_blocked, id=20460, stack(0x0000008333600000,0x0000008333700000)]
  0x000001e395819210 JavaThread "idea-tooling-model-converter" [_thread_blocked, id=17916, stack(0x0000008333700000,0x0000008333800000)]
  0x000001e395818870 JavaThread "Unconstrained build operations Thread 16" [_thread_blocked, id=8532, stack(0x0000008333800000,0x0000008333900000)]

Other Threads:
=>0x000001e3fff3a130 VMThread "VM Thread" [stack: 0x000000832e400000,0x000000832e500000] [id=18572]
  0x000001e3f66d3570 WatcherThread [stack: 0x000000832f000000,0x000000832f100000] [id=16224]
  0x000001e3f66c7110 GCTaskThread "GC Thread#0" [stack: 0x000000832df00000,0x000000832e000000] [id=15324]
  0x000001e392652320 GCTaskThread "GC Thread#1" [stack: 0x000000832f200000,0x000000832f300000] [id=19132]
  0x000001e39284e040 GCTaskThread "GC Thread#2" [stack: 0x000000832f300000,0x000000832f400000] [id=19412]
  0x000001e39284e700 GCTaskThread "GC Thread#3" [stack: 0x000000832f400000,0x000000832f500000] [id=9524]
  0x000001e39284e9b0 GCTaskThread "GC Thread#4" [stack: 0x000000832f500000,0x000000832f600000] [id=16948]
  0x000001e39284ec60 GCTaskThread "GC Thread#5" [stack: 0x000000832f600000,0x000000832f700000] [id=20096]
  0x000001e393078610 GCTaskThread "GC Thread#6" [stack: 0x0000008330700000,0x0000008330800000] [id=6332]
  0x000001e3930790d0 GCTaskThread "GC Thread#7" [stack: 0x0000008330800000,0x0000008330900000] [id=10244]
  0x000001e3f66cbf60 ConcurrentGCThread "G1 Main Marker" [stack: 0x000000832e000000,0x000000832e100000] [id=16700]
  0x000001e3f66cc880 ConcurrentGCThread "G1 Conc#0" [stack: 0x000000832e100000,0x000000832e200000] [id=18212]
  0x000001e393079380 ConcurrentGCThread "G1 Conc#1" [stack: 0x0000008330900000,0x0000008330a00000] [id=19808]
  0x000001e3f676cca0 ConcurrentGCThread "G1 Refine#0" [stack: 0x000000832e200000,0x000000832e300000] [id=11868]
  0x000001e394934a40 ConcurrentGCThread "G1 Refine#1" [stack: 0x0000008331700000,0x0000008331800000] [id=19388]
  0x000001e394934d20 ConcurrentGCThread "G1 Refine#2" [stack: 0x0000008331800000,0x0000008331900000] [id=15376]
  0x000001e394933620 ConcurrentGCThread "G1 Refine#3" [stack: 0x0000008331900000,0x0000008331a00000] [id=16976]
  0x000001e394933060 ConcurrentGCThread "G1 Refine#4" [stack: 0x0000008331a00000,0x0000008331b00000] [id=17900]
  0x000001e3f676d5d0 ConcurrentGCThread "G1 Service" [stack: 0x000000832e300000,0x000000832e400000] [id=18444]

Threads with active compile tasks:
C2 CompilerThread0  8356402 22351 %     4       org.gradle.internal.instantiation.generator.AbstractClassGenerator::inspectType @ 107 (560 bytes)
C2 CompilerThread1  8356402 22329 %     4       groovy.lang.MetaClassImpl::inheritInterfaceNewMetaMethods @ 100 (195 bytes)
C2 CompilerThread2  8356402 22414       4       org.gradle.internal.execution.history.impl.FileSystemSnapshotSerializer::toAbsolutePath (102 bytes)

VM state: at safepoint (normal execution)

VM Mutex/Monitor currently owned by a thread:  ([mutex/lock_event])
[0x000001e3f6693b40] Threads_lock - owner thread: 0x000001e3fff3a130
[0x000001e3f6694560] Heap_lock - owner thread: 0x000001e3f66cbf60

Heap address: 0x00000000e0000000, size: 512 MB, Compressed Oops mode: 32-bit

CDS archive(s) mapped at: [0x0000000800000000-0x0000000800bc0000-0x0000000800bc0000), size 12320768, SharedBaseAddress: 0x0000000800000000, ArchiveRelocationMode: 0.
Compressed class space mapped at: 0x0000000800c00000-0x0000000814000000, reserved size: 322961408
Narrow klass base: 0x0000000800000000, Narrow klass shift: 0, Narrow klass range: 0x100000000

GC Precious Log:
 CPUs: 8 total, 8 available
 Memory: 16290M
 Large Page Support: Disabled
 NUMA Support: Disabled
 Compressed Oops: Enabled (32-bit)
 Heap Region Size: 1M
 Heap Min Capacity: 256M
 Heap Initial Capacity: 256M
 Heap Max Capacity: 512M
 Pre-touch: Disabled
 Parallel Workers: 8
 Concurrent Workers: 2
 Concurrent Refinement Workers: 8
 Periodic GC: Disabled

Heap:
 garbage-first heap   total 262144K, used 172636K [0x00000000e0000000, 0x0000000100000000)
  region size 1024K, 22 young (22528K), 1 survivors (1024K)
 Metaspace       used 146395K, committed 147584K, reserved 446464K
  class space    used 18720K, committed 19328K, reserved 315392K

Heap Regions: E=young(eden), S=young(survivor), O=old, HS=humongous(starts), HC=humongous(continues), CS=collection set, F=free, OA=open archive, CA=closed archive, TAMS=top-at-mark-start (previous, next)
|   0|0x00000000e0000000, 0x00000000e0100000, 0x00000000e0100000|100%|HS|  |TAMS 0x00000000e0100000, 0x00000000e0000000| Complete 
|   1|0x00000000e0100000, 0x00000000e0200000, 0x00000000e0200000|100%|HC|  |TAMS 0x00000000e0200000, 0x00000000e0100000| Complete 
|   2|0x00000000e0200000, 0x00000000e0300000, 0x00000000e0300000|100%|HC|  |TAMS 0x00000000e0300000, 0x00000000e0200000| Complete 
|   3|0x00000000e0300000, 0x00000000e0400000, 0x00000000e0400000|100%|HC|  |TAMS 0x00000000e0400000, 0x00000000e0300000| Complete 
|   4|0x00000000e0400000, 0x00000000e0500000, 0x00000000e0500000|100%| O|  |TAMS 0x00000000e0500000, 0x00000000e0400000| Untracked 
|   5|0x00000000e0500000, 0x00000000e0600000, 0x00000000e0600000|100%| O|  |TAMS 0x00000000e0600000, 0x00000000e0500000| Untracked 
|   6|0x00000000e0600000, 0x00000000e0700000, 0x00000000e0700000|100%| O|  |TAMS 0x00000000e0700000, 0x00000000e0600000| Untracked 
|   7|0x00000000e0700000, 0x00000000e0800000, 0x00000000e0800000|100%| O|  |TAMS 0x00000000e0800000, 0x00000000e0700000| Updating 
|   8|0x00000000e0800000, 0x00000000e0900000, 0x00000000e0900000|100%| O|  |TAMS 0x00000000e0900000, 0x00000000e0800000| Untracked 
|   9|0x00000000e0900000, 0x00000000e0a00000, 0x00000000e0a00000|100%| O|  |TAMS 0x00000000e0a00000, 0x00000000e0900000| Untracked 
|  10|0x00000000e0a00000, 0x00000000e0b00000, 0x00000000e0b00000|100%| O|  |TAMS 0x00000000e0b00000, 0x00000000e0a00000| Untracked 
|  11|0x00000000e0b00000, 0x00000000e0c00000, 0x00000000e0c00000|100%| O|  |TAMS 0x00000000e0c00000, 0x00000000e0b00000| Updating 
|  12|0x00000000e0c00000, 0x00000000e0d00000, 0x00000000e0d00000|100%| O|  |TAMS 0x00000000e0d00000, 0x00000000e0c00000| Updating 
|  13|0x00000000e0d00000, 0x00000000e0e00000, 0x00000000e0e00000|100%| O|  |TAMS 0x00000000e0e00000, 0x00000000e0d00000| Updating 
|  14|0x00000000e0e00000, 0x00000000e0f00000, 0x00000000e0f00000|100%| O|  |TAMS 0x00000000e0f00000, 0x00000000e0e00000| Updating 
|  15|0x00000000e0f00000, 0x00000000e1000000, 0x00000000e1000000|100%| O|  |TAMS 0x00000000e1000000, 0x00000000e0f00000| Updating 
|  16|0x00000000e1000000, 0x00000000e1100000, 0x00000000e1100000|100%| O|  |TAMS 0x00000000e1100000, 0x00000000e1000000| Untracked 
|  17|0x00000000e1100000, 0x00000000e1200000, 0x00000000e1200000|100%| O|  |TAMS 0x00000000e1200000, 0x00000000e1100000| Untracked 
|  18|0x00000000e1200000, 0x00000000e1300000, 0x00000000e1300000|100%| O|  |TAMS 0x00000000e1300000, 0x00000000e1200000| Untracked 
|  19|0x00000000e1300000, 0x00000000e1400000, 0x00000000e1400000|100%| O|  |TAMS 0x00000000e1400000, 0x00000000e1300000| Untracked 
|  20|0x00000000e1400000, 0x00000000e1500000, 0x00000000e1500000|100%| O|  |TAMS 0x00000000e1500000, 0x00000000e1400000| Untracked 
|  21|0x00000000e1500000, 0x00000000e1600000, 0x00000000e1600000|100%| O|  |TAMS 0x00000000e1600000, 0x00000000e1500000| Untracked 
|  22|0x00000000e1600000, 0x00000000e1700000, 0x00000000e1700000|100%| O|  |TAMS 0x00000000e1700000, 0x00000000e1600000| Untracked 
|  23|0x00000000e1700000, 0x00000000e1800000, 0x00000000e1800000|100%| O|  |TAMS 0x00000000e1800000, 0x00000000e1700000| Untracked 
|  24|0x00000000e1800000, 0x00000000e1900000, 0x00000000e1900000|100%| O|  |TAMS 0x00000000e1900000, 0x00000000e1800000| Untracked 
|  25|0x00000000e1900000, 0x00000000e1a00000, 0x00000000e1a00000|100%| O|  |TAMS 0x00000000e1a00000, 0x00000000e1900000| Untracked 
|  26|0x00000000e1a00000, 0x00000000e1b00000, 0x00000000e1b00000|100%| O|  |TAMS 0x00000000e1b00000, 0x00000000e1a00000| Updating 
|  27|0x00000000e1b00000, 0x00000000e1c00000, 0x00000000e1c00000|100%| O|  |TAMS 0x00000000e1c00000, 0x00000000e1b00000| Untracked 
|  28|0x00000000e1c00000, 0x00000000e1d00000, 0x00000000e1d00000|100%| O|  |TAMS 0x00000000e1d00000, 0x00000000e1c00000| Updating 
|  29|0x00000000e1d00000, 0x00000000e1e00000, 0x00000000e1e00000|100%| O|  |TAMS 0x00000000e1e00000, 0x00000000e1d00000| Untracked 
|  30|0x00000000e1e00000, 0x00000000e1f00000, 0x00000000e1f00000|100%| O|  |TAMS 0x00000000e1f00000, 0x00000000e1e00000| Untracked 
|  31|0x00000000e1f00000, 0x00000000e2000000, 0x00000000e2000000|100%| O|  |TAMS 0x00000000e2000000, 0x00000000e1f00000| Updating 
|  32|0x00000000e2000000, 0x00000000e2100000, 0x00000000e2100000|100%| O|  |TAMS 0x00000000e2100000, 0x00000000e2000000| Updating 
|  33|0x00000000e2100000, 0x00000000e2200000, 0x00000000e2200000|100%| O|  |TAMS 0x00000000e2200000, 0x00000000e2100000| Updating 
|  34|0x00000000e2200000, 0x00000000e2300000, 0x00000000e2300000|100%| O|  |TAMS 0x00000000e2300000, 0x00000000e2200000| Updating 
|  35|0x00000000e2300000, 0x00000000e2400000, 0x00000000e2400000|100%| O|  |TAMS 0x00000000e2400000, 0x00000000e2300000| Updating 
|  36|0x00000000e2400000, 0x00000000e2500000, 0x00000000e2500000|100%| O|  |TAMS 0x00000000e2500000, 0x00000000e2400000| Updating 
|  37|0x00000000e2500000, 0x00000000e2600000, 0x00000000e2600000|100%| O|  |TAMS 0x00000000e2600000, 0x00000000e2500000| Updating 
|  38|0x00000000e2600000, 0x00000000e2700000, 0x00000000e2700000|100%| O|  |TAMS 0x00000000e2700000, 0x00000000e2600000| Updating 
|  39|0x00000000e2700000, 0x00000000e2800000, 0x00000000e2800000|100%| O|  |TAMS 0x00000000e2800000, 0x00000000e2700000| Untracked 
|  40|0x00000000e2800000, 0x00000000e2900000, 0x00000000e2900000|100%| O|  |TAMS 0x00000000e2900000, 0x00000000e2800000| Updating 
|  41|0x00000000e2900000, 0x00000000e2a00000, 0x00000000e2a00000|100%| O|  |TAMS 0x00000000e2a00000, 0x00000000e2900000| Untracked 
|  42|0x00000000e2a00000, 0x00000000e2b00000, 0x00000000e2b00000|100%| O|  |TAMS 0x00000000e2b00000, 0x00000000e2a00000| Untracked 
|  43|0x00000000e2b00000, 0x00000000e2c00000, 0x00000000e2c00000|100%| O|  |TAMS 0x00000000e2c00000, 0x00000000e2b00000| Updating 
|  44|0x00000000e2c00000, 0x00000000e2d00000, 0x00000000e2d00000|100%| O|  |TAMS 0x00000000e2d00000, 0x00000000e2c00000| Updating 
|  45|0x00000000e2d00000, 0x00000000e2e00000, 0x00000000e2e00000|100%| O|  |TAMS 0x00000000e2e00000, 0x00000000e2d00000| Updating 
|  46|0x00000000e2e00000, 0x00000000e2f00000, 0x00000000e2f00000|100%| O|  |TAMS 0x00000000e2f00000, 0x00000000e2e00000| Updating 
|  47|0x00000000e2f00000, 0x00000000e3000000, 0x00000000e3000000|100%| O|  |TAMS 0x00000000e3000000, 0x00000000e2f00000| Updating 
|  48|0x00000000e3000000, 0x00000000e3100000, 0x00000000e3100000|100%| O|  |TAMS 0x00000000e3100000, 0x00000000e3000000| Updating 
|  49|0x00000000e3100000, 0x00000000e3200000, 0x00000000e3200000|100%| O|  |TAMS 0x00000000e3200000, 0x00000000e3100000| Updating 
|  50|0x00000000e3200000, 0x00000000e3300000, 0x00000000e3300000|100%| O|  |TAMS 0x00000000e3300000, 0x00000000e3200000| Updating 
|  51|0x00000000e3300000, 0x00000000e3400000, 0x00000000e3400000|100%| O|  |TAMS 0x00000000e3400000, 0x00000000e3300000| Untracked 
|  52|0x00000000e3400000, 0x00000000e3500000, 0x00000000e3500000|100%| O|  |TAMS 0x00000000e3500000, 0x00000000e3400000| Updating 
|  53|0x00000000e3500000, 0x00000000e3600000, 0x00000000e3600000|100%| O|  |TAMS 0x00000000e3600000, 0x00000000e3500000| Updating 
|  54|0x00000000e3600000, 0x00000000e3700000, 0x00000000e3700000|100%| O|  |TAMS 0x00000000e3700000, 0x00000000e3600000| Untracked 
|  55|0x00000000e3700000, 0x00000000e3800000, 0x00000000e3800000|100%| O|  |TAMS 0x00000000e3800000, 0x00000000e3700000| Updating 
|  56|0x00000000e3800000, 0x00000000e3900000, 0x00000000e3900000|100%|HS|  |TAMS 0x00000000e3900000, 0x00000000e3800000| Complete 
|  57|0x00000000e3900000, 0x00000000e3a00000, 0x00000000e3a00000|100%|HC|  |TAMS 0x00000000e3a00000, 0x00000000e3900000| Complete 
|  58|0x00000000e3a00000, 0x00000000e3b00000, 0x00000000e3b00000|100%|HC|  |TAMS 0x00000000e3b00000, 0x00000000e3a00000| Complete 
|  59|0x00000000e3b00000, 0x00000000e3c00000, 0x00000000e3c00000|100%| O|  |TAMS 0x00000000e3c00000, 0x00000000e3b00000| Updating 
|  60|0x00000000e3c00000, 0x00000000e3d00000, 0x00000000e3d00000|100%| O|  |TAMS 0x00000000e3d00000, 0x00000000e3c00000| Updating 
|  61|0x00000000e3d00000, 0x00000000e3e00000, 0x00000000e3e00000|100%| O|  |TAMS 0x00000000e3e00000, 0x00000000e3d00000| Untracked 
|  62|0x00000000e3e00000, 0x00000000e3f00000, 0x00000000e3f00000|100%| O|  |TAMS 0x00000000e3f00000, 0x00000000e3e00000| Untracked 
|  63|0x00000000e3f00000, 0x00000000e4000000, 0x00000000e4000000|100%| O|  |TAMS 0x00000000e4000000, 0x00000000e3f00000| Untracked 
|  64|0x00000000e4000000, 0x00000000e4100000, 0x00000000e4100000|100%| O|  |TAMS 0x00000000e4100000, 0x00000000e4000000| Untracked 
|  65|0x00000000e4100000, 0x00000000e4200000, 0x00000000e4200000|100%| O|  |TAMS 0x00000000e4200000, 0x00000000e4100000| Untracked 
|  66|0x00000000e4200000, 0x00000000e4300000, 0x00000000e4300000|100%| O|  |TAMS 0x00000000e4300000, 0x00000000e4200000| Untracked 
|  67|0x00000000e4300000, 0x00000000e4400000, 0x00000000e4400000|100%| O|  |TAMS 0x00000000e4400000, 0x00000000e4300000| Untracked 
|  68|0x00000000e4400000, 0x00000000e4500000, 0x00000000e4500000|100%| O|  |TAMS 0x00000000e4500000, 0x00000000e4400000| Untracked 
|  69|0x00000000e4500000, 0x00000000e4600000, 0x00000000e4600000|100%| O|  |TAMS 0x00000000e4600000, 0x00000000e4500000| Untracked 
|  70|0x00000000e4600000, 0x00000000e4700000, 0x00000000e4700000|100%|HS|  |TAMS 0x00000000e4700000, 0x00000000e4600000| Complete 
|  71|0x00000000e4700000, 0x00000000e4800000, 0x00000000e4800000|100%|HC|  |TAMS 0x00000000e4800000, 0x00000000e4700000| Complete 
|  72|0x00000000e4800000, 0x00000000e4900000, 0x00000000e4900000|100%|HC|  |TAMS 0x00000000e4900000, 0x00000000e4800000| Complete 
|  73|0x00000000e4900000, 0x00000000e4a00000, 0x00000000e4a00000|100%| O|  |TAMS 0x00000000e4a00000, 0x00000000e4900000| Untracked 
|  74|0x00000000e4a00000, 0x00000000e4b00000, 0x00000000e4b00000|100%| O|  |TAMS 0x00000000e4b00000, 0x00000000e4a00000| Untracked 
|  75|0x00000000e4b00000, 0x00000000e4c00000, 0x00000000e4c00000|100%| O|  |TAMS 0x00000000e4c00000, 0x00000000e4b00000| Untracked 
|  76|0x00000000e4c00000, 0x00000000e4d00000, 0x00000000e4d00000|100%| O|  |TAMS 0x00000000e4d00000, 0x00000000e4c00000| Untracked 
|  77|0x00000000e4d00000, 0x00000000e4e00000, 0x00000000e4e00000|100%| O|  |TAMS 0x00000000e4e00000, 0x00000000e4d00000| Untracked 
|  78|0x00000000e4e00000, 0x00000000e4f00000, 0x00000000e4f00000|100%| O|  |TAMS 0x00000000e4f00000, 0x00000000e4e00000| Updating 
|  79|0x00000000e4f00000, 0x00000000e5000000, 0x00000000e5000000|100%| O|  |TAMS 0x00000000e5000000, 0x00000000e4f00000| Untracked 
|  80|0x00000000e5000000, 0x00000000e5100000, 0x00000000e5100000|100%| O|  |TAMS 0x00000000e5100000, 0x00000000e5000000| Untracked 
|  81|0x00000000e5100000, 0x00000000e5200000, 0x00000000e5200000|100%| O|  |TAMS 0x00000000e5200000, 0x00000000e5100000| Untracked 
|  82|0x00000000e5200000, 0x00000000e5300000, 0x00000000e5300000|100%| O|  |TAMS 0x00000000e5300000, 0x00000000e5200000| Untracked 
|  83|0x00000000e5300000, 0x00000000e5400000, 0x00000000e5400000|100%| O|  |TAMS 0x00000000e5400000, 0x00000000e5300000| Untracked 
|  84|0x00000000e5400000, 0x00000000e5500000, 0x00000000e5500000|100%| O|  |TAMS 0x00000000e5500000, 0x00000000e5400000| Updating 
|  85|0x00000000e5500000, 0x00000000e5600000, 0x00000000e5600000|100%| O|  |TAMS 0x00000000e5600000, 0x00000000e5500000| Untracked 
|  86|0x00000000e5600000, 0x00000000e5700000, 0x00000000e5700000|100%| O|  |TAMS 0x00000000e5700000, 0x00000000e5600000| Untracked 
|  87|0x00000000e5700000, 0x00000000e5800000, 0x00000000e5800000|100%| O|  |TAMS 0x00000000e5800000, 0x00000000e5700000| Updating 
|  88|0x00000000e5800000, 0x00000000e5900000, 0x00000000e5900000|100%|HS|  |TAMS 0x00000000e5900000, 0x00000000e5800000| Complete 
|  89|0x00000000e5900000, 0x00000000e5a00000, 0x00000000e5a00000|100%|HC|  |TAMS 0x00000000e5a00000, 0x00000000e5900000| Complete 
|  90|0x00000000e5a00000, 0x00000000e5b00000, 0x00000000e5b00000|100%|HC|  |TAMS 0x00000000e5b00000, 0x00000000e5a00000| Complete 
|  91|0x00000000e5b00000, 0x00000000e5c00000, 0x00000000e5c00000|100%|HC|  |TAMS 0x00000000e5c00000, 0x00000000e5b00000| Complete 
|  92|0x00000000e5c00000, 0x00000000e5d00000, 0x00000000e5d00000|100%|HC|  |TAMS 0x00000000e5d00000, 0x00000000e5c00000| Complete 
|  93|0x00000000e5d00000, 0x00000000e5e00000, 0x00000000e5e00000|100%|HS|  |TAMS 0x00000000e5e00000, 0x00000000e5d00000| Complete 
|  94|0x00000000e5e00000, 0x00000000e5f00000, 0x00000000e5f00000|100%|HC|  |TAMS 0x00000000e5f00000, 0x00000000e5e00000| Complete 
|  95|0x00000000e5f00000, 0x00000000e6000000, 0x00000000e6000000|100%|HC|  |TAMS 0x00000000e6000000, 0x00000000e5f00000| Complete 
|  96|0x00000000e6000000, 0x00000000e6100000, 0x00000000e6100000|100%|HC|  |TAMS 0x00000000e6100000, 0x00000000e6000000| Complete 
|  97|0x00000000e6100000, 0x00000000e6200000, 0x00000000e6200000|100%|HC|  |TAMS 0x00000000e6200000, 0x00000000e6100000| Complete 
|  98|0x00000000e6200000, 0x00000000e6300000, 0x00000000e6300000|100%| O|  |TAMS 0x00000000e6300000, 0x00000000e6200000| Untracked 
|  99|0x00000000e6300000, 0x00000000e6400000, 0x00000000e6400000|100%| O|  |TAMS 0x00000000e6400000, 0x00000000e6300000| Untracked 
| 100|0x00000000e6400000, 0x00000000e6500000, 0x00000000e6500000|100%| O|  |TAMS 0x00000000e6500000, 0x00000000e6400000| Untracked 
| 101|0x00000000e6500000, 0x00000000e6600000, 0x00000000e6600000|100%| O|  |TAMS 0x00000000e6600000, 0x00000000e6500000| Untracked 
| 102|0x00000000e6600000, 0x00000000e6700000, 0x00000000e6700000|100%| O|  |TAMS 0x00000000e6700000, 0x00000000e6600000| Updating 
| 103|0x00000000e6700000, 0x00000000e6800000, 0x00000000e6800000|100%| O|  |TAMS 0x00000000e6800000, 0x00000000e6700000| Untracked 
| 104|0x00000000e6800000, 0x00000000e6900000, 0x00000000e6900000|100%| O|  |TAMS 0x00000000e6900000, 0x00000000e6800000| Updating 
| 105|0x00000000e6900000, 0x00000000e6a00000, 0x00000000e6a00000|100%| O|  |TAMS 0x00000000e6a00000, 0x00000000e6900000| Updating 
| 106|0x00000000e6a00000, 0x00000000e6b00000, 0x00000000e6b00000|100%| O|  |TAMS 0x00000000e6b00000, 0x00000000e6a00000| Untracked 
| 107|0x00000000e6b00000, 0x00000000e6c00000, 0x00000000e6c00000|100%| O|  |TAMS 0x00000000e6c00000, 0x00000000e6b00000| Untracked 
| 108|0x00000000e6c00000, 0x00000000e6d00000, 0x00000000e6d00000|100%| O|  |TAMS 0x00000000e6d00000, 0x00000000e6c00000| Untracked 
| 109|0x00000000e6d00000, 0x00000000e6e00000, 0x00000000e6e00000|100%|HS|  |TAMS 0x00000000e6e00000, 0x00000000e6d00000| Complete 
| 110|0x00000000e6e00000, 0x00000000e6f00000, 0x00000000e6f00000|100%|HC|  |TAMS 0x00000000e6f00000, 0x00000000e6e00000| Complete 
| 111|0x00000000e6f00000, 0x00000000e7000000, 0x00000000e7000000|100%|HC|  |TAMS 0x00000000e7000000, 0x00000000e6f00000| Complete 
| 112|0x00000000e7000000, 0x00000000e7100000, 0x00000000e7100000|100%|HC|  |TAMS 0x00000000e7100000, 0x00000000e7000000| Complete 
| 113|0x00000000e7100000, 0x00000000e7200000, 0x00000000e7200000|100%|HC|  |TAMS 0x00000000e7200000, 0x00000000e7100000| Complete 
| 114|0x00000000e7200000, 0x00000000e7300000, 0x00000000e7300000|100%| O|  |TAMS 0x00000000e7300000, 0x00000000e7200000| Updating 
| 115|0x00000000e7300000, 0x00000000e7400000, 0x00000000e7400000|100%|HS|  |TAMS 0x00000000e7300000, 0x00000000e7300000| Complete 
| 116|0x00000000e7400000, 0x00000000e7500000, 0x00000000e7500000|100%|HC|  |TAMS 0x00000000e7400000, 0x00000000e7400000| Complete 
| 117|0x00000000e7500000, 0x00000000e7600000, 0x00000000e7600000|100%|HS|  |TAMS 0x00000000e7500000, 0x00000000e7500000| Complete 
| 118|0x00000000e7600000, 0x00000000e7700000, 0x00000000e7700000|100%|HC|  |TAMS 0x00000000e7600000, 0x00000000e7600000| Complete 
| 119|0x00000000e7700000, 0x00000000e7800000, 0x00000000e7800000|100%| O|  |TAMS 0x00000000e7800000, 0x00000000e7700000| Updating 
| 120|0x00000000e7800000, 0x00000000e7900000, 0x00000000e7900000|100%| O|  |TAMS 0x00000000e7900000, 0x00000000e7800000| Updating 
| 121|0x00000000e7900000, 0x00000000e7900000, 0x00000000e7a00000|  0%| F|  |TAMS 0x00000000e7900000, 0x00000000e7900000| Untracked 
| 122|0x00000000e7a00000, 0x00000000e7b00000, 0x00000000e7b00000|100%| O|  |TAMS 0x00000000e7b00000, 0x00000000e7a00000| Updating 
| 123|0x00000000e7b00000, 0x00000000e7c00000, 0x00000000e7c00000|100%| O|  |TAMS 0x00000000e7c00000, 0x00000000e7b00000| Updating 
| 124|0x00000000e7c00000, 0x00000000e7d00000, 0x00000000e7d00000|100%| O|  |TAMS 0x00000000e7d00000, 0x00000000e7c00000| Updating 
| 125|0x00000000e7d00000, 0x00000000e7e00000, 0x00000000e7e00000|100%| O|  |TAMS 0x00000000e7e00000, 0x00000000e7d00000| Updating 
| 126|0x00000000e7e00000, 0x00000000e7f00000, 0x00000000e7f00000|100%| O|  |TAMS 0x00000000e7f00000, 0x00000000e7e00000| Updating 
| 127|0x00000000e7f00000, 0x00000000e7f00000, 0x00000000e8000000|  0%| F|  |TAMS 0x00000000e7f00000, 0x00000000e7f00000| Untracked 
| 128|0x00000000e8000000, 0x00000000e8000000, 0x00000000e8100000|  0%| F|  |TAMS 0x00000000e8000000, 0x00000000e8000000| Untracked 
| 129|0x00000000e8100000, 0x00000000e8200000, 0x00000000e8200000|100%| O|  |TAMS 0x00000000e8200000, 0x00000000e8100000| Updating 
| 130|0x00000000e8200000, 0x00000000e8200000, 0x00000000e8300000|  0%| F|  |TAMS 0x00000000e8200000, 0x00000000e8200000| Untracked 
| 131|0x00000000e8300000, 0x00000000e8300000, 0x00000000e8400000|  0%| F|  |TAMS 0x00000000e8300000, 0x00000000e8300000| Untracked 
| 132|0x00000000e8400000, 0x00000000e8500000, 0x00000000e8500000|100%| O|  |TAMS 0x00000000e8500000, 0x00000000e8400000| Updating 
| 133|0x00000000e8500000, 0x00000000e8600000, 0x00000000e8600000|100%|HS|  |TAMS 0x00000000e8600000, 0x00000000e8500000| Complete 
| 134|0x00000000e8600000, 0x00000000e8700000, 0x00000000e8700000|100%|HC|  |TAMS 0x00000000e8700000, 0x00000000e8600000| Complete 
| 135|0x00000000e8700000, 0x00000000e8800000, 0x00000000e8800000|100%|HC|  |TAMS 0x00000000e8800000, 0x00000000e8700000| Complete 
| 136|0x00000000e8800000, 0x00000000e8900000, 0x00000000e8900000|100%|HS|  |TAMS 0x00000000e8900000, 0x00000000e8800000| Complete 
| 137|0x00000000e8900000, 0x00000000e8a00000, 0x00000000e8a00000|100%|HC|  |TAMS 0x00000000e8a00000, 0x00000000e8900000| Complete 
| 138|0x00000000e8a00000, 0x00000000e8b00000, 0x00000000e8b00000|100%|HC|  |TAMS 0x00000000e8b00000, 0x00000000e8a00000| Complete 
| 139|0x00000000e8b00000, 0x00000000e8c00000, 0x00000000e8c00000|100%|HS|  |TAMS 0x00000000e8c00000, 0x00000000e8b00000| Complete 
| 140|0x00000000e8c00000, 0x00000000e8d00000, 0x00000000e8d00000|100%|HC|  |TAMS 0x00000000e8d00000, 0x00000000e8c00000| Complete 
| 141|0x00000000e8d00000, 0x00000000e8e00000, 0x00000000e8e00000|100%|HC|  |TAMS 0x00000000e8e00000, 0x00000000e8d00000| Complete 
| 142|0x00000000e8e00000, 0x00000000e8f00000, 0x00000000e8f00000|100%| O|  |TAMS 0x00000000e8f00000, 0x00000000e8e00000| Updating 
| 143|0x00000000e8f00000, 0x00000000e9000000, 0x00000000e9000000|100%| O|  |TAMS 0x00000000e9000000, 0x00000000e8f00000| Untracked 
| 144|0x00000000e9000000, 0x00000000e9100000, 0x00000000e9100000|100%| O|  |TAMS 0x00000000e9100000, 0x00000000e9000000| Untracked 
| 145|0x00000000e9100000, 0x00000000e9200000, 0x00000000e9200000|100%| O|  |TAMS 0x00000000e9200000, 0x00000000e9100000| Updating 
| 146|0x00000000e9200000, 0x00000000e9300000, 0x00000000e9300000|100%| O|  |TAMS 0x00000000e9300000, 0x00000000e9200000| Untracked 
| 147|0x00000000e9300000, 0x00000000e9400000, 0x00000000e9400000|100%| O|  |TAMS 0x00000000e9400000, 0x00000000e9300000| Untracked 
| 148|0x00000000e9400000, 0x00000000e9500000, 0x00000000e9500000|100%| O|  |TAMS 0x00000000e9500000, 0x00000000e9400000| Untracked 
| 149|0x00000000e9500000, 0x00000000e9600000, 0x00000000e9600000|100%| O|  |TAMS 0x00000000e9600000, 0x00000000e9500000| Untracked 
| 150|0x00000000e9600000, 0x00000000e9700000, 0x00000000e9700000|100%| O|  |TAMS 0x00000000e9700000, 0x00000000e9600000| Untracked 
| 151|0x00000000e9700000, 0x00000000e9800000, 0x00000000e9800000|100%| O|  |TAMS 0x00000000e9800000, 0x00000000e9700000| Untracked 
| 152|0x00000000e9800000, 0x00000000e98edc00, 0x00000000e9900000| 92%| O|  |TAMS 0x00000000e98edc00, 0x00000000e9800000| Updating 
| 153|0x00000000e9900000, 0x00000000e9900000, 0x00000000e9a00000|  0%| F|  |TAMS 0x00000000e9900000, 0x00000000e9900000| Untracked 
| 154|0x00000000e9a00000, 0x00000000e9a00000, 0x00000000e9b00000|  0%| F|  |TAMS 0x00000000e9a00000, 0x00000000e9a00000| Untracked 
| 155|0x00000000e9b00000, 0x00000000e9b00000, 0x00000000e9c00000|  0%| F|  |TAMS 0x00000000e9b00000, 0x00000000e9b00000| Untracked 
| 156|0x00000000e9c00000, 0x00000000e9c00000, 0x00000000e9d00000|  0%| F|  |TAMS 0x00000000e9c00000, 0x00000000e9c00000| Untracked 
| 157|0x00000000e9d00000, 0x00000000e9d00000, 0x00000000e9e00000|  0%| F|  |TAMS 0x00000000e9d00000, 0x00000000e9d00000| Untracked 
| 158|0x00000000e9e00000, 0x00000000e9e00000, 0x00000000e9f00000|  0%| F|  |TAMS 0x00000000e9e00000, 0x00000000e9e00000| Untracked 
| 159|0x00000000e9f00000, 0x00000000e9f00000, 0x00000000ea000000|  0%| F|  |TAMS 0x00000000e9f00000, 0x00000000e9f00000| Untracked 
| 160|0x00000000ea000000, 0x00000000ea000000, 0x00000000ea100000|  0%| F|  |TAMS 0x00000000ea000000, 0x00000000ea000000| Untracked 
| 161|0x00000000ea100000, 0x00000000ea100000, 0x00000000ea200000|  0%| F|  |TAMS 0x00000000ea100000, 0x00000000ea100000| Untracked 
| 162|0x00000000ea200000, 0x00000000ea200000, 0x00000000ea300000|  0%| F|  |TAMS 0x00000000ea200000, 0x00000000ea200000| Untracked 
| 163|0x00000000ea300000, 0x00000000ea300000, 0x00000000ea400000|  0%| F|  |TAMS 0x00000000ea300000, 0x00000000ea300000| Untracked 
| 164|0x00000000ea400000, 0x00000000ea400000, 0x00000000ea500000|  0%| F|  |TAMS 0x00000000ea400000, 0x00000000ea400000| Untracked 
| 165|0x00000000ea500000, 0x00000000ea500000, 0x00000000ea600000|  0%| F|  |TAMS 0x00000000ea500000, 0x00000000ea500000| Untracked 
| 166|0x00000000ea600000, 0x00000000ea600000, 0x00000000ea700000|  0%| F|  |TAMS 0x00000000ea600000, 0x00000000ea600000| Untracked 
| 167|0x00000000ea700000, 0x00000000ea700000, 0x00000000ea800000|  0%| F|  |TAMS 0x00000000ea700000, 0x00000000ea700000| Untracked 
| 168|0x00000000ea800000, 0x00000000ea800000, 0x00000000ea900000|  0%| F|  |TAMS 0x00000000ea800000, 0x00000000ea800000| Untracked 
| 169|0x00000000ea900000, 0x00000000ea900000, 0x00000000eaa00000|  0%| F|  |TAMS 0x00000000ea900000, 0x00000000ea900000| Untracked 
| 170|0x00000000eaa00000, 0x00000000eaa00000, 0x00000000eab00000|  0%| F|  |TAMS 0x00000000eaa00000, 0x00000000eaa00000| Untracked 
| 171|0x00000000eab00000, 0x00000000eab00000, 0x00000000eac00000|  0%| F|  |TAMS 0x00000000eab00000, 0x00000000eab00000| Untracked 
| 172|0x00000000eac00000, 0x00000000eac00000, 0x00000000ead00000|  0%| F|  |TAMS 0x00000000eac00000, 0x00000000eac00000| Untracked 
| 173|0x00000000ead00000, 0x00000000ead00000, 0x00000000eae00000|  0%| F|  |TAMS 0x00000000ead00000, 0x00000000ead00000| Untracked 
| 174|0x00000000eae00000, 0x00000000eae00000, 0x00000000eaf00000|  0%| F|  |TAMS 0x00000000eae00000, 0x00000000eae00000| Untracked 
| 175|0x00000000eaf00000, 0x00000000eaf00000, 0x00000000eb000000|  0%| F|  |TAMS 0x00000000eaf00000, 0x00000000eaf00000| Untracked 
| 176|0x00000000eb000000, 0x00000000eb000000, 0x00000000eb100000|  0%| F|  |TAMS 0x00000000eb000000, 0x00000000eb000000| Untracked 
| 177|0x00000000eb100000, 0x00000000eb100000, 0x00000000eb200000|  0%| F|  |TAMS 0x00000000eb100000, 0x00000000eb100000| Untracked 
| 178|0x00000000eb200000, 0x00000000eb200000, 0x00000000eb300000|  0%| F|  |TAMS 0x00000000eb200000, 0x00000000eb200000| Untracked 
| 179|0x00000000eb300000, 0x00000000eb300000, 0x00000000eb400000|  0%| F|  |TAMS 0x00000000eb300000, 0x00000000eb300000| Untracked 
| 180|0x00000000eb400000, 0x00000000eb400000, 0x00000000eb500000|  0%| F|  |TAMS 0x00000000eb400000, 0x00000000eb400000| Untracked 
| 181|0x00000000eb500000, 0x00000000eb500000, 0x00000000eb600000|  0%| F|  |TAMS 0x00000000eb500000, 0x00000000eb500000| Untracked 
| 182|0x00000000eb600000, 0x00000000eb600000, 0x00000000eb700000|  0%| F|  |TAMS 0x00000000eb600000, 0x00000000eb600000| Untracked 
| 183|0x00000000eb700000, 0x00000000eb700000, 0x00000000eb800000|  0%| F|  |TAMS 0x00000000eb700000, 0x00000000eb700000| Untracked 
| 184|0x00000000eb800000, 0x00000000eb800000, 0x00000000eb900000|  0%| F|  |TAMS 0x00000000eb800000, 0x00000000eb800000| Untracked 
| 185|0x00000000eb900000, 0x00000000eb900000, 0x00000000eba00000|  0%| F|  |TAMS 0x00000000eb900000, 0x00000000eb900000| Untracked 
| 186|0x00000000eba00000, 0x00000000eba00000, 0x00000000ebb00000|  0%| F|  |TAMS 0x00000000eba00000, 0x00000000eba00000| Untracked 
| 187|0x00000000ebb00000, 0x00000000ebb00000, 0x00000000ebc00000|  0%| F|  |TAMS 0x00000000ebb00000, 0x00000000ebb00000| Untracked 
| 188|0x00000000ebc00000, 0x00000000ebc00000, 0x00000000ebd00000|  0%| F|  |TAMS 0x00000000ebc00000, 0x00000000ebc00000| Untracked 
| 189|0x00000000ebd00000, 0x00000000ebd00000, 0x00000000ebe00000|  0%| F|  |TAMS 0x00000000ebd00000, 0x00000000ebd00000| Untracked 
| 190|0x00000000ebe00000, 0x00000000ebe00000, 0x00000000ebf00000|  0%| F|  |TAMS 0x00000000ebe00000, 0x00000000ebe00000| Untracked 
| 191|0x00000000ebf00000, 0x00000000ebf00000, 0x00000000ec000000|  0%| F|  |TAMS 0x00000000ebf00000, 0x00000000ebf00000| Untracked 
| 192|0x00000000ec000000, 0x00000000ec000000, 0x00000000ec100000|  0%| F|  |TAMS 0x00000000ec000000, 0x00000000ec000000| Untracked 
| 193|0x00000000ec100000, 0x00000000ec100000, 0x00000000ec200000|  0%| F|  |TAMS 0x00000000ec100000, 0x00000000ec100000| Untracked 
| 194|0x00000000ec200000, 0x00000000ec200000, 0x00000000ec300000|  0%| F|  |TAMS 0x00000000ec200000, 0x00000000ec200000| Untracked 
| 195|0x00000000ec300000, 0x00000000ec300000, 0x00000000ec400000|  0%| F|  |TAMS 0x00000000ec300000, 0x00000000ec300000| Untracked 
| 196|0x00000000ec400000, 0x00000000ec400000, 0x00000000ec500000|  0%| F|  |TAMS 0x00000000ec400000, 0x00000000ec400000| Untracked 
| 197|0x00000000ec500000, 0x00000000ec500000, 0x00000000ec600000|  0%| F|  |TAMS 0x00000000ec500000, 0x00000000ec500000| Untracked 
| 198|0x00000000ec600000, 0x00000000ec600000, 0x00000000ec700000|  0%| F|  |TAMS 0x00000000ec600000, 0x00000000ec600000| Untracked 
| 199|0x00000000ec700000, 0x00000000ec700000, 0x00000000ec800000|  0%| F|  |TAMS 0x00000000ec700000, 0x00000000ec700000| Untracked 
| 200|0x00000000ec800000, 0x00000000ec800000, 0x00000000ec900000|  0%| F|  |TAMS 0x00000000ec800000, 0x00000000ec800000| Untracked 
| 201|0x00000000ec900000, 0x00000000ec900000, 0x00000000eca00000|  0%| F|  |TAMS 0x00000000ec900000, 0x00000000ec900000| Untracked 
| 202|0x00000000eca00000, 0x00000000eca00000, 0x00000000ecb00000|  0%| F|  |TAMS 0x00000000eca00000, 0x00000000eca00000| Untracked 
| 203|0x00000000ecb00000, 0x00000000ecb00000, 0x00000000ecc00000|  0%| F|  |TAMS 0x00000000ecb00000, 0x00000000ecb00000| Untracked 
| 204|0x00000000ecc00000, 0x00000000ecc00000, 0x00000000ecd00000|  0%| F|  |TAMS 0x00000000ecc00000, 0x00000000ecc00000| Untracked 
| 205|0x00000000ecd00000, 0x00000000ecd00000, 0x00000000ece00000|  0%| F|  |TAMS 0x00000000ecd00000, 0x00000000ecd00000| Untracked 
| 206|0x00000000ece00000, 0x00000000ece00000, 0x00000000ecf00000|  0%| F|  |TAMS 0x00000000ece00000, 0x00000000ece00000| Untracked 
| 207|0x00000000ecf00000, 0x00000000ecf00000, 0x00000000ed000000|  0%| F|  |TAMS 0x00000000ecf00000, 0x00000000ecf00000| Untracked 
| 208|0x00000000ed000000, 0x00000000ed000000, 0x00000000ed100000|  0%| F|  |TAMS 0x00000000ed000000, 0x00000000ed000000| Untracked 
| 209|0x00000000ed100000, 0x00000000ed100000, 0x00000000ed200000|  0%| F|  |TAMS 0x00000000ed100000, 0x00000000ed100000| Untracked 
| 210|0x00000000ed200000, 0x00000000ed200000, 0x00000000ed300000|  0%| F|  |TAMS 0x00000000ed200000, 0x00000000ed200000| Untracked 
| 211|0x00000000ed300000, 0x00000000ed300000, 0x00000000ed400000|  0%| F|  |TAMS 0x00000000ed300000, 0x00000000ed300000| Untracked 
| 212|0x00000000ed400000, 0x00000000ed400000, 0x00000000ed500000|  0%| F|  |TAMS 0x00000000ed400000, 0x00000000ed400000| Untracked 
| 213|0x00000000ed500000, 0x00000000ed500000, 0x00000000ed600000|  0%| F|  |TAMS 0x00000000ed500000, 0x00000000ed500000| Untracked 
| 214|0x00000000ed600000, 0x00000000ed600000, 0x00000000ed700000|  0%| F|  |TAMS 0x00000000ed600000, 0x00000000ed600000| Untracked 
| 215|0x00000000ed700000, 0x00000000ed700000, 0x00000000ed800000|  0%| F|  |TAMS 0x00000000ed700000, 0x00000000ed700000| Untracked 
| 216|0x00000000ed800000, 0x00000000ed800000, 0x00000000ed900000|  0%| F|  |TAMS 0x00000000ed800000, 0x00000000ed800000| Untracked 
| 217|0x00000000ed900000, 0x00000000ed900000, 0x00000000eda00000|  0%| F|  |TAMS 0x00000000ed900000, 0x00000000ed900000| Untracked 
| 218|0x00000000eda00000, 0x00000000eda00000, 0x00000000edb00000|  0%| F|  |TAMS 0x00000000eda00000, 0x00000000eda00000| Untracked 
| 219|0x00000000edb00000, 0x00000000edb00000, 0x00000000edc00000|  0%| F|  |TAMS 0x00000000edb00000, 0x00000000edb00000| Untracked 
| 220|0x00000000edc00000, 0x00000000edc00000, 0x00000000edd00000|  0%| F|  |TAMS 0x00000000edc00000, 0x00000000edc00000| Untracked 
| 221|0x00000000edd00000, 0x00000000edd00000, 0x00000000ede00000|  0%| F|  |TAMS 0x00000000edd00000, 0x00000000edd00000| Untracked 
| 222|0x00000000ede00000, 0x00000000ede00000, 0x00000000edf00000|  0%| F|  |TAMS 0x00000000ede00000, 0x00000000ede00000| Untracked 
| 223|0x00000000edf00000, 0x00000000edf00000, 0x00000000ee000000|  0%| F|  |TAMS 0x00000000edf00000, 0x00000000edf00000| Untracked 
| 224|0x00000000ee000000, 0x00000000ee000000, 0x00000000ee100000|  0%| F|  |TAMS 0x00000000ee000000, 0x00000000ee000000| Untracked 
| 225|0x00000000ee100000, 0x00000000ee100000, 0x00000000ee200000|  0%| F|  |TAMS 0x00000000ee100000, 0x00000000ee100000| Untracked 
| 226|0x00000000ee200000, 0x00000000ee200000, 0x00000000ee300000|  0%| F|  |TAMS 0x00000000ee200000, 0x00000000ee200000| Untracked 
| 227|0x00000000ee300000, 0x00000000ee300000, 0x00000000ee400000|  0%| F|  |TAMS 0x00000000ee300000, 0x00000000ee300000| Untracked 
| 228|0x00000000ee400000, 0x00000000ee400000, 0x00000000ee500000|  0%| F|  |TAMS 0x00000000ee400000, 0x00000000ee400000| Untracked 
| 229|0x00000000ee500000, 0x00000000ee500000, 0x00000000ee600000|  0%| F|  |TAMS 0x00000000ee500000, 0x00000000ee500000| Untracked 
| 230|0x00000000ee600000, 0x00000000ee600000, 0x00000000ee700000|  0%| F|  |TAMS 0x00000000ee600000, 0x00000000ee600000| Untracked 
| 231|0x00000000ee700000, 0x00000000ee700000, 0x00000000ee800000|  0%| F|  |TAMS 0x00000000ee700000, 0x00000000ee700000| Untracked 
| 232|0x00000000ee800000, 0x00000000ee800000, 0x00000000ee900000|  0%| F|  |TAMS 0x00000000ee800000, 0x00000000ee800000| Untracked 
| 233|0x00000000ee900000, 0x00000000ee900000, 0x00000000eea00000|  0%| F|  |TAMS 0x00000000ee900000, 0x00000000ee900000| Untracked 
| 234|0x00000000eea00000, 0x00000000eeadd328, 0x00000000eeb00000| 86%| E|  |TAMS 0x00000000eea00000, 0x00000000eea00000| Complete 
| 235|0x00000000eeb00000, 0x00000000eec00000, 0x00000000eec00000|100%| E|CS|TAMS 0x00000000eeb00000, 0x00000000eeb00000| Complete 
| 236|0x00000000eec00000, 0x00000000eed00000, 0x00000000eed00000|100%| E|CS|TAMS 0x00000000eec00000, 0x00000000eec00000| Complete 
| 237|0x00000000eed00000, 0x00000000eee00000, 0x00000000eee00000|100%| E|CS|TAMS 0x00000000eed00000, 0x00000000eed00000| Complete 
| 238|0x00000000eee00000, 0x00000000eef00000, 0x00000000eef00000|100%| E|CS|TAMS 0x00000000eee00000, 0x00000000eee00000| Complete 
| 239|0x00000000eef00000, 0x00000000ef000000, 0x00000000ef000000|100%| E|CS|TAMS 0x00000000eef00000, 0x00000000eef00000| Complete 
| 240|0x00000000ef000000, 0x00000000ef100000, 0x00000000ef100000|100%| E|CS|TAMS 0x00000000ef000000, 0x00000000ef000000| Complete 
| 241|0x00000000ef100000, 0x00000000ef200000, 0x00000000ef200000|100%| E|CS|TAMS 0x00000000ef100000, 0x00000000ef100000| Complete 
| 242|0x00000000ef200000, 0x00000000ef300000, 0x00000000ef300000|100%| E|CS|TAMS 0x00000000ef200000, 0x00000000ef200000| Complete 
| 243|0x00000000ef300000, 0x00000000ef400000, 0x00000000ef400000|100%| E|CS|TAMS 0x00000000ef300000, 0x00000000ef300000| Complete 
| 244|0x00000000ef400000, 0x00000000ef500000, 0x00000000ef500000|100%| E|CS|TAMS 0x00000000ef400000, 0x00000000ef400000| Complete 
| 245|0x00000000ef500000, 0x00000000ef600000, 0x00000000ef600000|100%| E|CS|TAMS 0x00000000ef500000, 0x00000000ef500000| Complete 
| 246|0x00000000ef600000, 0x00000000ef6a94e8, 0x00000000ef700000| 66%| S|CS|TAMS 0x00000000ef600000, 0x00000000ef600000| Complete 
| 247|0x00000000ef700000, 0x00000000ef800000, 0x00000000ef800000|100%| E|CS|TAMS 0x00000000ef700000, 0x00000000ef700000| Complete 
| 248|0x00000000ef800000, 0x00000000ef900000, 0x00000000ef900000|100%| E|CS|TAMS 0x00000000ef800000, 0x00000000ef800000| Complete 
| 249|0x00000000ef900000, 0x00000000efa00000, 0x00000000efa00000|100%| E|CS|TAMS 0x00000000ef900000, 0x00000000ef900000| Complete 
| 250|0x00000000efa00000, 0x00000000efb00000, 0x00000000efb00000|100%| E|CS|TAMS 0x00000000efa00000, 0x00000000efa00000| Complete 
| 251|0x00000000efb00000, 0x00000000efc00000, 0x00000000efc00000|100%| E|CS|TAMS 0x00000000efb00000, 0x00000000efb00000| Complete 
| 252|0x00000000efc00000, 0x00000000efd00000, 0x00000000efd00000|100%| E|CS|TAMS 0x00000000efc00000, 0x00000000efc00000| Complete 
| 253|0x00000000efd00000, 0x00000000efe00000, 0x00000000efe00000|100%| E|CS|TAMS 0x00000000efd00000, 0x00000000efd00000| Complete 
| 254|0x00000000efe00000, 0x00000000eff00000, 0x00000000eff00000|100%| E|CS|TAMS 0x00000000efe00000, 0x00000000efe00000| Complete 
| 255|0x00000000eff00000, 0x00000000f0000000, 0x00000000f0000000|100%| E|CS|TAMS 0x00000000eff00000, 0x00000000eff00000| Complete 

Card table byte_map: [0x000001e3fe340000,0x000001e3fe440000] _byte_map_base: 0x000001e3fdc40000

Marking Bits (Prev, Next): (CMBitMap*) 0x000001e3f66c7630, (CMBitMap*) 0x000001e3f66c7670
 Prev Bits: [0x000001e3fe540000, 0x000001e3fed40000)
 Next Bits: [0x000001e3fed40000, 0x000001e3ff540000)

Polling page: 0x000001e3f5e70000

Metaspace:

Usage:
  Non-class:    124.68 MB used.
      Class:     18.28 MB used.
       Both:    142.96 MB used.

Virtual space:
  Non-class space:      128.00 MB reserved,     125.25 MB ( 98%) committed,  16 nodes.
      Class space:      308.00 MB reserved,      18.88 MB (  6%) committed,  1 nodes.
             Both:      436.00 MB reserved,     144.12 MB ( 33%) committed. 

Chunk freelists:
   Non-Class:  2.19 MB
       Class:  1.10 MB
        Both:  3.29 MB

MaxMetaspaceSize: 384.00 MB
CompressedClassSpaceSize: 308.00 MB
Initial GC threshold: 21.00 MB
Current GC threshold: 230.25 MB
CDS: on
MetaspaceReclaimPolicy: balanced
 - commit_granule_bytes: 65536.
 - commit_granule_words: 8192.
 - virtual_space_node_default_size: 1048576.
 - enlarge_chunks_in_place: 1.
 - new_chunks_are_fully_committed: 0.
 - uncommit_free_chunks: 1.
 - use_allocation_guard: 0.
 - handle_deallocations: 1.


Internal statistics:

num_allocs_failed_limit: 12.
num_arena_births: 2216.
num_arena_deaths: 422.
num_vsnodes_births: 17.
num_vsnodes_deaths: 0.
num_space_committed: 2304.
num_space_uncommitted: 0.
num_chunks_returned_to_freelist: 533.
num_chunks_taken_from_freelist: 8353.
num_chunk_merges: 172.
num_chunk_splits: 5549.
num_chunks_enlarged: 3749.
num_purges: 6.
num_inconsistent_stats: 0.

CodeHeap 'non-profiled nmethods': size=120000Kb used=13794Kb max_used=14327Kb free=106206Kb
 bounds [0x000001e387ad0000, 0x000001e3888d0000, 0x000001e38f000000]
CodeHeap 'profiled nmethods': size=120000Kb used=36511Kb max_used=37031Kb free=83488Kb
 bounds [0x000001e3805a0000, 0x000001e3829d0000, 0x000001e387ad0000]
CodeHeap 'non-nmethods': size=5760Kb used=2586Kb max_used=2673Kb free=3173Kb
 bounds [0x000001e380000000, 0x000001e3802b0000, 0x000001e3805a0000]
 total_blobs=19201 nmethods=18049 adapters=1060
 compilation: enabled
              stopped_count=0, restarted_count=0
 full_count=0

Compilation events (20 events):
Event: 8356.305 Thread 0x000001e3fff5f820 22404       3       java.util.stream.ReduceOps$5ReducingSink::get (8 bytes)
Event: 8356.306 Thread 0x000001e3fff5f820 nmethod 22404 0x000001e381fed390 code [0x000001e381fed560, 0x000001e381fed8f8]
Event: 8356.306 Thread 0x000001e3fff5f820 22399       3       java.util.stream.ReduceOps$5ReducingSink::begin (9 bytes)
Event: 8356.306 Thread 0x000001e3fff5f820 nmethod 22399 0x000001e382509310 code [0x000001e3825094a0, 0x000001e3825095b8]
Event: 8356.306 Thread 0x000001e3fff5f820 22400       3       java.util.stream.ReferencePipeline::mapToInt (26 bytes)
Event: 8356.306 Thread 0x000001e3fff5f820 nmethod 22400 0x000001e3811b8410 code [0x000001e3811b8600, 0x000001e3811b8b38]
Event: 8356.306 Thread 0x000001e3fff5f820 22401       3       java.util.stream.ReduceOps::makeInt (18 bytes)
Event: 8356.306 Thread 0x000001e3fff5f820 nmethod 22401 0x000001e381ef1210 code [0x000001e381ef13e0, 0x000001e381ef1888]
Event: 8356.306 Thread 0x000001e3fff5f820 22406       3       org.gradle.internal.execution.history.impl.FileSystemSnapshotSerializer$SnapshotStack::push (17 bytes)
Event: 8356.306 Thread 0x000001e3fff5f820 nmethod 22406 0x000001e3811b7c90 code [0x000001e3811b7e60, 0x000001e3811b8288]
Event: 8356.306 Thread 0x000001e3fff5f820 22407       3       org.gradle.internal.execution.history.impl.FileSystemSnapshotSerializer$SnapshotStack::pop (29 bytes)
Event: 8356.306 Thread 0x000001e3fff5f820 nmethod 22407 0x000001e3811b7590 code [0x000001e3811b7760, 0x000001e3811b7b58]
Event: 8356.329 Thread 0x000001e39a477790 nmethod 22199 0x000001e38875a110 code [0x000001e38875a7e0, 0x000001e3887636e8]
Event: 8356.329 Thread 0x000001e39a477790 22413       4       java.util.ArrayDeque$DeqSpliterator::forEachRemaining (132 bytes)
Event: 8356.333 Thread 0x000001e39a477790 nmethod 22413 0x000001e3885d7f90 code [0x000001e3885d8140, 0x000001e3885d85d8]
Event: 8356.333 Thread 0x000001e39a477790 22414       4       org.gradle.internal.execution.history.impl.FileSystemSnapshotSerializer::toAbsolutePath (102 bytes)
Event: 8356.334 Thread 0x000001e3fff5f820 22417 %     3       com.google.common.collect.MapMakerInternalMap$Segment::expand @ 185 (276 bytes)
Event: 8356.340 Thread 0x000001e3fff5f820 nmethod 22417% 0x000001e38241b510 code [0x000001e38241be20, 0x000001e382421b68]
Event: 8356.348 Thread 0x000001e3fff5f820 22418       2       com.esotericsoftware.kryo.io.Input::readUtf8_slow (255 bytes)
Event: 8356.348 Thread 0x000001e3fff5f820 nmethod 22418 0x000001e3811b6c90 code [0x000001e3811b6e60, 0x000001e3811b72a8]

GC Heap History (20 events):
Event: 8352.006 GC heap before
{Heap before GC invocations=47 (full 0):
 garbage-first heap   total 262144K, used 212387K [0x00000000e0000000, 0x0000000100000000)
  region size 1024K, 97 young (99328K), 2 survivors (2048K)
 Metaspace       used 114995K, committed 116096K, reserved 421888K
  class space    used 15289K, committed 15872K, reserved 315392K
}
Event: 8352.011 GC heap after
{Heap after GC invocations=48 (full 0):
 garbage-first heap   total 262144K, used 118945K [0x00000000e0000000, 0x0000000100000000)
  region size 1024K, 5 young (5120K), 5 survivors (5120K)
 Metaspace       used 114995K, committed 116096K, reserved 421888K
  class space    used 15289K, committed 15872K, reserved 315392K
}
Event: 8352.825 GC heap before
{Heap before GC invocations=49 (full 0):
 garbage-first heap   total 262144K, used 217249K [0x00000000e0000000, 0x0000000100000000)
  region size 1024K, 100 young (102400K), 5 survivors (5120K)
 Metaspace       used 120726K, committed 121856K, reserved 421888K
  class space    used 15887K, committed 16448K, reserved 315392K
}
Event: 8352.833 GC heap after
{Heap after GC invocations=50 (full 0):
 garbage-first heap   total 262144K, used 124624K [0x00000000e0000000, 0x0000000100000000)
  region size 1024K, 11 young (11264K), 11 survivors (11264K)
 Metaspace       used 120726K, committed 121856K, reserved 421888K
  class space    used 15887K, committed 16448K, reserved 315392K
}
Event: 8352.851 GC heap before
{Heap before GC invocations=50 (full 0):
 garbage-first heap   total 262144K, used 125648K [0x00000000e0000000, 0x0000000100000000)
  region size 1024K, 12 young (12288K), 11 survivors (11264K)
 Metaspace       used 120901K, committed 121984K, reserved 421888K
  class space    used 15908K, committed 16448K, reserved 315392K
}
Event: 8352.863 GC heap after
{Heap after GC invocations=51 (full 0):
 garbage-first heap   total 262144K, used 124125K [0x00000000e0000000, 0x0000000100000000)
  region size 1024K, 2 young (2048K), 2 survivors (2048K)
 Metaspace       used 120901K, committed 121984K, reserved 421888K
  class space    used 15908K, committed 16448K, reserved 315392K
}
Event: 8353.713 GC heap before
{Heap before GC invocations=51 (full 0):
 garbage-first heap   total 262144K, used 217309K [0x00000000e0000000, 0x0000000100000000)
  region size 1024K, 93 young (95232K), 2 survivors (2048K)
 Metaspace       used 133262K, committed 134400K, reserved 438272K
  class space    used 17206K, committed 17792K, reserved 315392K
}
Event: 8353.716 GC heap after
{Heap after GC invocations=52 (full 0):
 garbage-first heap   total 262144K, used 124833K [0x00000000e0000000, 0x0000000100000000)
  region size 1024K, 3 young (3072K), 3 survivors (3072K)
 Metaspace       used 133262K, committed 134400K, reserved 438272K
  class space    used 17206K, committed 17792K, reserved 315392K
}
Event: 8354.291 GC heap before
{Heap before GC invocations=53 (full 0):
 garbage-first heap   total 262144K, used 219041K [0x00000000e0000000, 0x0000000100000000)
  region size 1024K, 95 young (97280K), 3 survivors (3072K)
 Metaspace       used 136243K, committed 137344K, reserved 438272K
  class space    used 17476K, committed 18048K, reserved 315392K
}
Event: 8354.298 GC heap after
{Heap after GC invocations=54 (full 0):
 garbage-first heap   total 262144K, used 134046K [0x00000000e0000000, 0x0000000100000000)
  region size 1024K, 12 young (12288K), 12 survivors (12288K)
 Metaspace       used 136243K, committed 137344K, reserved 438272K
  class space    used 17476K, committed 18048K, reserved 315392K
}
Event: 8354.299 GC heap before
{Heap before GC invocations=54 (full 0):
 garbage-first heap   total 262144K, used 135070K [0x00000000e0000000, 0x0000000100000000)
  region size 1024K, 13 young (13312K), 12 survivors (12288K)
 Metaspace       used 136248K, committed 137408K, reserved 438272K
  class space    used 17476K, committed 18048K, reserved 315392K
}
Event: 8354.306 GC heap after
{Heap after GC invocations=55 (full 0):
 garbage-first heap   total 262144K, used 133291K [0x00000000e0000000, 0x0000000100000000)
  region size 1024K, 1 young (1024K), 1 survivors (1024K)
 Metaspace       used 136248K, committed 137408K, reserved 438272K
  class space    used 17476K, committed 18048K, reserved 315392K
}
Event: 8355.357 GC heap before
{Heap before GC invocations=55 (full 0):
 garbage-first heap   total 262144K, used 202923K [0x00000000e0000000, 0x0000000100000000)
  region size 1024K, 70 young (71680K), 1 survivors (1024K)
 Metaspace       used 140258K, committed 141440K, reserved 446464K
  class space    used 17848K, committed 18432K, reserved 315392K
}
Event: 8355.362 GC heap after
{Heap after GC invocations=56 (full 0):
 garbage-first heap   total 262144K, used 131929K [0x00000000e0000000, 0x0000000100000000)
  region size 1024K, 7 young (7168K), 7 survivors (7168K)
 Metaspace       used 140258K, committed 141440K, reserved 446464K
  class space    used 17848K, committed 18432K, reserved 315392K
}
Event: 8356.173 GC heap before
{Heap before GC invocations=57 (full 0):
 garbage-first heap   total 262144K, used 227161K [0x00000000e0000000, 0x0000000100000000)
  region size 1024K, 87 young (89088K), 7 survivors (7168K)
 Metaspace       used 144934K, committed 146112K, reserved 446464K
  class space    used 18520K, committed 19072K, reserved 315392K
}
Event: 8356.181 GC heap after
{Heap after GC invocations=58 (full 0):
 garbage-first heap   total 262144K, used 155091K [0x00000000e0000000, 0x0000000100000000)
  region size 1024K, 9 young (9216K), 9 survivors (9216K)
 Metaspace       used 144934K, committed 146112K, reserved 446464K
  class space    used 18520K, committed 19072K, reserved 315392K
}
Event: 8356.205 GC heap before
{Heap before GC invocations=58 (full 0):
 garbage-first heap   total 262144K, used 158163K [0x00000000e0000000, 0x0000000100000000)
  region size 1024K, 12 young (12288K), 9 survivors (9216K)
 Metaspace       used 145413K, committed 146624K, reserved 446464K
  class space    used 18575K, committed 19136K, reserved 315392K
}
Event: 8356.211 GC heap after
{Heap after GC invocations=59 (full 0):
 garbage-first heap   total 262144K, used 152342K [0x00000000e0000000, 0x0000000100000000)
  region size 1024K, 1 young (1024K), 1 survivors (1024K)
 Metaspace       used 145413K, committed 146624K, reserved 446464K
  class space    used 18575K, committed 19136K, reserved 315392K
}
Event: 8356.295 GC heap before
{Heap before GC invocations=59 (full 0):
 garbage-first heap   total 262144K, used 159510K [0x00000000e0000000, 0x0000000100000000)
  region size 1024K, 9 young (9216K), 1 survivors (1024K)
 Metaspace       used 146391K, committed 147584K, reserved 446464K
  class space    used 18720K, committed 19328K, reserved 315392K
}
Event: 8356.297 GC heap after
{Heap after GC invocations=60 (full 0):
 garbage-first heap   total 262144K, used 152156K [0x00000000e0000000, 0x0000000100000000)
  region size 1024K, 1 young (1024K), 1 survivors (1024K)
 Metaspace       used 146391K, committed 147584K, reserved 446464K
  class space    used 18720K, committed 19328K, reserved 315392K
}

Deoptimization events (20 events):
Event: 8356.263 Thread 0x000001e39792aa00 Uncommon trap: trap_request=0xffffff45 fr.pc=0x000001e3883b07e0 relative=0x0000000000000060
Event: 8356.263 Thread 0x000001e39792aa00 Uncommon trap: reason=unstable_if action=reinterpret pc=0x000001e3883b07e0 method=org.gradle.api.internal.attributes.DefaultImmutableAttributes.equals(Ljava/lang/Object;)Z @ 2 c2
Event: 8356.263 Thread 0x000001e39792aa00 DEOPT PACKING pc=0x000001e3883b07e0 sp=0x000000832f1f93b0
Event: 8356.263 Thread 0x000001e39792aa00 DEOPT UNPACKING pc=0x000001e3800523a3 sp=0x000000832f1f9340 mode 2
Event: 8356.300 Thread 0x000001e3953e52e0 Uncommon trap: trap_request=0xffffff45 fr.pc=0x000001e3881f83c8 relative=0x00000000000033c8
Event: 8356.300 Thread 0x000001e3953e52e0 Uncommon trap: reason=unstable_if action=reinterpret pc=0x000001e3881f83c8 method=org.gradle.internal.io.StreamByteBuffer.allocateSpace()I @ 43 c2
Event: 8356.300 Thread 0x000001e3953e52e0 DEOPT PACKING pc=0x000001e3881f83c8 sp=0x0000008330ffe740
Event: 8356.300 Thread 0x000001e3953e52e0 DEOPT UNPACKING pc=0x000001e3800523a3 sp=0x0000008330ffe3c0 mode 2
Event: 8356.303 Thread 0x000001e3953e52e0 Uncommon trap: trap_request=0xffffff45 fr.pc=0x000001e3883ab7f8 relative=0x00000000000004d8
Event: 8356.303 Thread 0x000001e3953e52e0 Uncommon trap: reason=unstable_if action=reinterpret pc=0x000001e3883ab7f8 method=com.esotericsoftware.kryo.io.Input.readVarLong(Z)J @ 118 c2
Event: 8356.303 Thread 0x000001e3953e52e0 DEOPT PACKING pc=0x000001e3883ab7f8 sp=0x0000008330ffe3f0
Event: 8356.303 Thread 0x000001e3953e52e0 DEOPT UNPACKING pc=0x000001e3800523a3 sp=0x0000008330ffe3a0 mode 2
Event: 8356.334 Thread 0x000001e3953e52e0 DEOPT PACKING pc=0x000001e381815f17 sp=0x0000008330ffe090
Event: 8356.334 Thread 0x000001e3953e52e0 DEOPT UNPACKING pc=0x000001e380052b43 sp=0x0000008330ffd718 mode 0
Event: 8356.336 Thread 0x000001e3953e52e0 DEOPT PACKING pc=0x000001e381815f17 sp=0x0000008330ffe090
Event: 8356.336 Thread 0x000001e3953e52e0 DEOPT UNPACKING pc=0x000001e380052b43 sp=0x0000008330ffd718 mode 0
Event: 8356.338 Thread 0x000001e3953e52e0 DEOPT PACKING pc=0x000001e381815f17 sp=0x0000008330ffe090
Event: 8356.338 Thread 0x000001e3953e52e0 DEOPT UNPACKING pc=0x000001e380052b43 sp=0x0000008330ffd718 mode 0
Event: 8356.340 Thread 0x000001e3953e52e0 DEOPT PACKING pc=0x000001e381815f17 sp=0x0000008330ffe090
Event: 8356.340 Thread 0x000001e3953e52e0 DEOPT UNPACKING pc=0x000001e380052b43 sp=0x0000008330ffd718 mode 0

Classes unloaded (20 events):
Event: 8347.914 Thread 0x000001e3fff3a130 Unloading class 0x00000008010b9400 'java/lang/invoke/LambdaForm$MH+0x00000008010b9400'
Event: 8347.914 Thread 0x000001e3fff3a130 Unloading class 0x00000008010b9000 'java/lang/invoke/LambdaForm$MH+0x00000008010b9000'
Event: 8347.914 Thread 0x000001e3fff3a130 Unloading class 0x00000008010b8c00 'java/lang/invoke/LambdaForm$MH+0x00000008010b8c00'
Event: 8347.914 Thread 0x000001e3fff3a130 Unloading class 0x00000008010b8800 'java/lang/invoke/LambdaForm$MH+0x00000008010b8800'
Event: 8347.914 Thread 0x000001e3fff3a130 Unloading class 0x00000008010b8400 'java/lang/invoke/LambdaForm$MH+0x00000008010b8400'
Event: 8347.914 Thread 0x000001e3fff3a130 Unloading class 0x00000008010b1c00 'java/lang/invoke/LambdaForm$MH+0x00000008010b1c00'
Event: 8347.914 Thread 0x000001e3fff3a130 Unloading class 0x00000008010a8000 'org/gradle/api/execution/TaskExecutionGraph$whenReady'
Event: 8347.914 Thread 0x000001e3fff3a130 Unloading class 0x0000000801094000 'org/gradle/api/plugins/ExtraPropertiesExtension$has'
Event: 8347.914 Thread 0x000001e3fff3a130 Unloading class 0x000000080103d800 'java/lang/invoke/LambdaForm$MH+0x000000080103d800'
Event: 8347.914 Thread 0x000001e3fff3a130 Unloading class 0x0000000800d00400 'java/lang/invoke/LambdaForm$MH+0x0000000800d00400'
Event: 8347.914 Thread 0x000001e3fff3a130 Unloading class 0x0000000800d00000 'java/lang/invoke/LambdaForm$MH+0x0000000800d00000'
Event: 8347.914 Thread 0x000001e3fff3a130 Unloading class 0x0000000800c2a000 'java/lang/invoke/LambdaForm$MH+0x0000000800c2a000'
Event: 8350.185 Thread 0x000001e3fff3a130 Unloading class 0x00000008011b2c00 'jdk/internal/reflect/GeneratedSerializationConstructorAccessor35'
Event: 8350.186 Thread 0x000001e3fff3a130 Unloading class 0x00000008011b3800 'jdk/internal/reflect/GeneratedSerializationConstructorAccessor34'
Event: 8350.186 Thread 0x000001e3fff3a130 Unloading class 0x0000000801228000 'jdk/internal/reflect/GeneratedSerializationConstructorAccessor33'
Event: 8350.186 Thread 0x000001e3fff3a130 Unloading class 0x0000000801244800 'jdk/internal/reflect/GeneratedSerializationConstructorAccessor32'
Event: 8350.186 Thread 0x000001e3fff3a130 Unloading class 0x0000000801245000 'jdk/internal/reflect/GeneratedSerializationConstructorAccessor31'
Event: 8350.186 Thread 0x000001e3fff3a130 Unloading class 0x000000080130d400 'jdk/internal/reflect/GeneratedSerializationConstructorAccessor30'
Event: 8350.186 Thread 0x000001e3fff3a130 Unloading class 0x0000000801319800 'jdk/internal/reflect/GeneratedSerializationConstructorAccessor29'
Event: 8350.186 Thread 0x000001e3fff3a130 Unloading class 0x00000008014dc800 'jdk/internal/reflect/GeneratedSerializationConstructorAccessor28'

Classes redefined (0 events):
No events

Internal exceptions (20 events):
Event: 8356.094 Thread 0x000001e39792aa00 Exception <a 'java/lang/ClassNotFoundException'{0x00000000ebb34178}: org/gradle/api/internal/tasks/DefaultSourceSetContainer_DecoratedCustomizer> (0x00000000ebb34178) 
thrown [s\open\src\hotspot\share\classfile\systemDictionary.cpp, line 256]
Event: 8356.114 Thread 0x000001e39792aa00 Exception <a 'java/lang/ClassNotFoundException'{0x00000000eb264e18}: org/gradle/api/internal/artifacts/ivyservice/resolveengine/result/ComponentSelectionReasons$DefaultComponentSelectionReasonBeanInfo> (0x00000000eb264e18) 
thrown [s\open\src\hotspot\share\classfile\systemDictionary.cpp, line 256]
Event: 8356.115 Thread 0x000001e39792aa00 Exception <a 'java/lang/ClassNotFoundException'{0x00000000eb271d28}: org/gradle/api/internal/artifacts/ivyservice/resolveengine/result/ComponentSelectionReasons$DefaultComponentSelectionReasonCustomizer> (0x00000000eb271d28) 
thrown [s\open\src\hotspot\share\classfile\systemDictionary.cpp, line 256]
Event: 8356.129 Thread 0x000001e395819210 Exception <a 'java/lang/NoSuchMethodError'{0x00000000eb009470}: static Lorg/jetbrains/gradle/profiler/model/impl/JavaTasksModelImpl;.<clinit>()V> (0x00000000eb009470) 
thrown [s\open\src\hotspot\share\prims\jni.cpp, line 1107]
Event: 8356.129 Thread 0x000001e395819210 Exception <a 'java/lang/NoSuchMethodError'{0x00000000eb0124a8}: static Lorg/jetbrains/gradle/profiler/model/impl/JavaTaskImpl;.<clinit>()V> (0x00000000eb0124a8) 
thrown [s\open\src\hotspot\share\prims\jni.cpp, line 1107]
Event: 8356.141 Thread 0x000001e39792aa00 Exception <a 'java/lang/ClassNotFoundException'{0x00000000eafb32d0}: java/util/TreeSetBeanInfo> (0x00000000eafb32d0) 
thrown [s\open\src\hotspot\share\classfile\systemDictionary.cpp, line 256]
Event: 8356.141 Thread 0x000001e39792aa00 Exception <a 'java/lang/ClassNotFoundException'{0x00000000eafb8380}: java/util/TreeSetCustomizer> (0x00000000eafb8380) 
thrown [s\open\src\hotspot\share\classfile\systemDictionary.cpp, line 256]
Event: 8356.150 Thread 0x000001e39792aa00 Exception <a 'java/lang/ClassNotFoundException'{0x00000000eaca9070}: java/util/TreeMap$KeySetBeanInfo> (0x00000000eaca9070) 
thrown [s\open\src\hotspot\share\classfile\systemDictionary.cpp, line 256]
Event: 8356.150 Thread 0x000001e39792aa00 Exception <a 'java/lang/ClassNotFoundException'{0x00000000eacae188}: java/util/TreeMap$KeySetCustomizer> (0x00000000eacae188) 
thrown [s\open\src\hotspot\share\classfile\systemDictionary.cpp, line 256]
Event: 8356.156 Thread 0x000001e39792aa00 Exception <a 'java/lang/ClassNotFoundException'{0x00000000eab63878}: org/gradle/internal/extensibility/DefaultExtensionsSchemaBeanInfo> (0x00000000eab63878) 
thrown [s\open\src\hotspot\share\classfile\systemDictionary.cpp, line 256]
Event: 8356.156 Thread 0x000001e39792aa00 Exception <a 'java/lang/ClassNotFoundException'{0x00000000eab6d0c8}: org/gradle/internal/extensibility/DefaultExtensionsSchemaCustomizer> (0x00000000eab6d0c8) 
thrown [s\open\src\hotspot\share\classfile\systemDictionary.cpp, line 256]
Event: 8356.240 Thread 0x000001e395819210 Exception <a 'java/lang/NoSuchMethodError'{0x00000000efa21c18}: static Lorg/jetbrains/kotlin/idea/gradleTooling/model/kapt/KaptGradleModelImpl;.<clinit>()V> (0x00000000efa21c18) 
thrown [s\open\src\hotspot\share\prims\jni.cpp, line 1107]
Event: 8356.245 Thread 0x000001e395819210 Exception <a 'java/lang/NoSuchMethodError'{0x00000000efa59900}: static Lorg/jetbrains/kotlin/idea/gradleTooling/model/assignment/AssignmentModelImpl;.<clinit>()V> (0x00000000efa59900) 
thrown [s\open\src\hotspot\share\prims\jni.cpp, line 1107]
Event: 8356.246 Thread 0x000001e395819210 Exception <a 'java/lang/NoSuchMethodError'{0x00000000efa67740}: static Lorg/jetbrains/kotlin/idea/gradleTooling/model/parcelize/ParcelizeGradleModelImpl;.<clinit>()V> (0x00000000efa67740) 
thrown [s\open\src\hotspot\share\prims\jni.cpp, line 1107]
Event: 8356.246 Thread 0x000001e395819210 Exception <a 'java/lang/NoSuchMethodError'{0x00000000efa6fcd0}: static Lorg/jetbrains/kotlin/idea/gradleTooling/model/samWithReceiver/SamWithReceiverModelImpl;.<clinit>()V> (0x00000000efa6fcd0) 
thrown [s\open\src\hotspot\share\prims\jni.cpp, line 1107]
Event: 8356.248 Thread 0x000001e395819210 Exception <a 'java/lang/NoSuchMethodError'{0x00000000efa831f0}: static Lorg/jetbrains/plugins/gradle/tooling/internal/jar/JarTaskManifestConfigurationImpl;.<clinit>()V> (0x00000000efa831f0) 
thrown [s\open\src\hotspot\share\prims\jni.cpp, line 1107]
Event: 8356.248 Thread 0x000001e395819210 Exception <a 'java/lang/NoSuchMethodError'{0x00000000efa8bcf0}: static Lorg/jetbrains/kotlin/idea/gradleTooling/model/noarg/NoArgModelImpl;.<clinit>()V> (0x00000000efa8bcf0) 
thrown [s\open\src\hotspot\share\prims\jni.cpp, line 1107]
Event: 8356.249 Thread 0x000001e395819210 Exception <a 'java/lang/NoSuchMethodError'{0x00000000efa94478}: static Lorg/jetbrains/plugins/gradle/tooling/internal/VersionCatalogsModelImpl;.<clinit>()V> (0x00000000efa94478) 
thrown [s\open\src\hotspot\share\prims\jni.cpp, line 1107]
Event: 8356.253 Thread 0x000001e395819210 Exception <a 'java/lang/NoSuchMethodError'{0x00000000ef90dcd0}: static Lorg/jetbrains/kotlin/idea/gradleTooling/model/allopen/AllOpenModelImpl;.<clinit>()V> (0x00000000ef90dcd0) 
thrown [s\open\src\hotspot\share\prims\jni.cpp, line 1107]
Event: 8356.280 Thread 0x000001e395818870 Exception <a 'java/lang/NoSuchMethodError'{0x00000000ef767bc8}: 'java.lang.Object java.lang.invoke.DirectMethodHandle$Holder.invokeSpecialIFC(java.lang.Object, java.lang.Object, java.lang.Object)'> (0x00000000ef767bc8) 
thrown [s\open\src\hotspot\share\interpreter\linkResolver.cpp, line 759]

VM Operations (20 events):
Event: 8356.203 Executing VM operation: HandshakeAllThreads done
Event: 8356.205 Executing VM operation: G1CollectForAllocation
Event: 8356.211 Executing VM operation: G1CollectForAllocation done
Event: 8356.235 Executing VM operation: HandshakeAllThreads
Event: 8356.235 Executing VM operation: HandshakeAllThreads done
Event: 8356.239 Executing VM operation: HandshakeAllThreads
Event: 8356.239 Executing VM operation: HandshakeAllThreads done
Event: 8356.251 Executing VM operation: HandshakeAllThreads
Event: 8356.252 Executing VM operation: HandshakeAllThreads done
Event: 8356.254 Executing VM operation: HandshakeAllThreads
Event: 8356.254 Executing VM operation: HandshakeAllThreads done
Event: 8356.256 Executing VM operation: HandshakeAllThreads
Event: 8356.256 Executing VM operation: HandshakeAllThreads done
Event: 8356.259 Executing VM operation: HandshakeAllThreads
Event: 8356.260 Executing VM operation: HandshakeAllThreads done
Event: 8356.270 Executing VM operation: HandshakeAllThreads
Event: 8356.270 Executing VM operation: HandshakeAllThreads done
Event: 8356.295 Executing VM operation: G1TryInitiateConcMark
Event: 8356.297 Executing VM operation: G1TryInitiateConcMark done
Event: 8356.380 Executing VM operation: G1Concurrent

Events (20 events):
Event: 8356.065 loading class java/util/LinkedHashSetCustomizer done
Event: 8356.065 loading class java/util/LinkedHashSetCustomizer
Event: 8356.065 loading class java/util/LinkedHashSetCustomizer done
Event: 8356.140 loading class java/util/TreeSetBeanInfo
Event: 8356.140 loading class java/util/TreeSetBeanInfo done
Event: 8356.141 loading class java/util/TreeSetBeanInfo
Event: 8356.141 loading class java/util/TreeSetBeanInfo done
Event: 8356.141 loading class java/util/TreeSetCustomizer
Event: 8356.141 loading class java/util/TreeSetCustomizer done
Event: 8356.141 loading class java/util/TreeSetCustomizer
Event: 8356.141 loading class java/util/TreeSetCustomizer done
Event: 8356.149 loading class java/util/TreeMap$KeySetBeanInfo
Event: 8356.149 loading class java/util/TreeMap$KeySetBeanInfo done
Event: 8356.149 loading class java/util/TreeMap$KeySetBeanInfo
Event: 8356.149 loading class java/util/TreeMap$KeySetBeanInfo done
Event: 8356.150 loading class java/util/TreeMap$KeySetCustomizer
Event: 8356.150 loading class java/util/TreeMap$KeySetCustomizer done
Event: 8356.150 loading class java/util/TreeMap$KeySetCustomizer
Event: 8356.150 loading class java/util/TreeMap$KeySetCustomizer done
Event: 8356.272 Thread 0x000001e395818870 Thread added: 0x000001e395818870


Dynamic libraries:
0x00007ff7039a0000 - 0x00007ff7039b0000 	C:\Program Files\Java\jdk-17.0.4\bin\java.exe
0x00007ff98cf70000 - 0x00007ff98d168000 	C:\Windows\SYSTEM32\ntdll.dll
0x00007ff98c520000 - 0x00007ff98c5e1000 	C:\Windows\System32\KERNEL32.DLL
0x00007ff98a850000 - 0x00007ff98ab4d000 	C:\Windows\System32\KERNELBASE.dll
0x00007ff98a620000 - 0x00007ff98a720000 	C:\Windows\System32\ucrtbase.dll
0x00007ff97e6d0000 - 0x00007ff97e6e8000 	C:\Program Files\Java\jdk-17.0.4\bin\jli.dll
0x00007ff974110000 - 0x00007ff97412a000 	C:\Program Files\Java\jdk-17.0.4\bin\VCRUNTIME140.dll
0x00007ff98cc50000 - 0x00007ff98cd00000 	C:\Windows\System32\ADVAPI32.dll
0x00007ff98b930000 - 0x00007ff98b9ce000 	C:\Windows\System32\msvcrt.dll
0x00007ff98c840000 - 0x00007ff98c8e0000 	C:\Windows\System32\sechost.dll
0x00007ff98b800000 - 0x00007ff98b923000 	C:\Windows\System32\RPCRT4.dll
0x00007ff98a720000 - 0x00007ff98a747000 	C:\Windows\System32\bcrypt.dll
0x00007ff98cd00000 - 0x00007ff98ce9d000 	C:\Windows\System32\USER32.dll
0x00007ff98ab50000 - 0x00007ff98ab72000 	C:\Windows\System32\win32u.dll
0x00007ff978210000 - 0x00007ff9784aa000 	C:\Windows\WinSxS\amd64_microsoft.windows.common-controls_6595b64144ccf1df_6.0.19041.4355_none_60b8b9eb71f62e16\COMCTL32.dll
0x00007ff98cea0000 - 0x00007ff98cecb000 	C:\Windows\System32\GDI32.dll
0x00007ff98ab80000 - 0x00007ff98ac97000 	C:\Windows\System32\gdi32full.dll
0x00007ff98af00000 - 0x00007ff98af9d000 	C:\Windows\System32\msvcp_win.dll
0x00007ff983220000 - 0x00007ff98322a000 	C:\Windows\SYSTEM32\VERSION.dll
0x00007ff98b480000 - 0x00007ff98b4af000 	C:\Windows\System32\IMM32.DLL
0x00007ff9836a0000 - 0x00007ff9836ac000 	C:\Program Files\Java\jdk-17.0.4\bin\vcruntime140_1.dll
0x00007ff96fdf0000 - 0x00007ff96fe7d000 	C:\Program Files\Java\jdk-17.0.4\bin\msvcp140.dll
0x00007ff955630000 - 0x00007ff9561f2000 	C:\Program Files\Java\jdk-17.0.4\bin\server\jvm.dll
0x00007ff96d3f0000 - 0x00007ff96d3f9000 	C:\Windows\SYSTEM32\WSOCK32.dll
0x00007ff979c60000 - 0x00007ff979c87000 	C:\Windows\SYSTEM32\WINMM.dll
0x00007ff98c5f0000 - 0x00007ff98c65b000 	C:\Windows\System32\WS2_32.dll
0x00007ff98b000000 - 0x00007ff98b008000 	C:\Windows\System32\PSAPI.DLL
0x00007ff988e30000 - 0x00007ff988e42000 	C:\Windows\SYSTEM32\kernel.appcore.dll
0x00007ff980b10000 - 0x00007ff980b1a000 	C:\Program Files\Java\jdk-17.0.4\bin\jimage.dll
0x00007ff985280000 - 0x00007ff985464000 	C:\Windows\SYSTEM32\DBGHELP.DLL
0x00007ff9742f0000 - 0x00007ff974324000 	C:\Windows\SYSTEM32\dbgcore.DLL
0x00007ff98a750000 - 0x00007ff98a7d2000 	C:\Windows\System32\bcryptPrimitives.dll
0x00007ff980900000 - 0x00007ff98090e000 	C:\Program Files\Java\jdk-17.0.4\bin\instrument.dll
0x00007ff9701b0000 - 0x00007ff9701d5000 	C:\Program Files\Java\jdk-17.0.4\bin\java.dll
0x00007ff96a400000 - 0x00007ff96a4d6000 	C:\Program Files\Java\jdk-17.0.4\bin\jsvml.dll
0x00007ff98ba50000 - 0x00007ff98c1bf000 	C:\Windows\System32\SHELL32.dll
0x00007ff988640000 - 0x00007ff988de3000 	C:\Windows\SYSTEM32\windows.storage.dll
0x00007ff98c8e0000 - 0x00007ff98cc33000 	C:\Windows\System32\combase.dll
0x00007ff98a050000 - 0x00007ff98a07e000 	C:\Windows\SYSTEM32\Wldp.dll
0x00007ff98c660000 - 0x00007ff98c72d000 	C:\Windows\System32\OLEAUT32.dll
0x00007ff98b4b0000 - 0x00007ff98b55d000 	C:\Windows\System32\SHCORE.dll
0x00007ff98c1c0000 - 0x00007ff98c215000 	C:\Windows\System32\shlwapi.dll
0x00007ff98a550000 - 0x00007ff98a574000 	C:\Windows\SYSTEM32\profapi.dll
0x00007ff9700f0000 - 0x00007ff970108000 	C:\Program Files\Java\jdk-17.0.4\bin\zip.dll
0x00007ff970a60000 - 0x00007ff970a79000 	C:\Program Files\Java\jdk-17.0.4\bin\net.dll
0x00007ff97f760000 - 0x00007ff97f86d000 	C:\Windows\SYSTEM32\WINHTTP.dll
0x00007ff989db0000 - 0x00007ff989e1a000 	C:\Windows\system32\mswsock.dll
0x00007ff970190000 - 0x00007ff9701a6000 	C:\Program Files\Java\jdk-17.0.4\bin\nio.dll
0x00007ff971fa0000 - 0x00007ff971fb0000 	C:\Program Files\Java\jdk-17.0.4\bin\verify.dll
0x00007ff96df80000 - 0x00007ff96dfa7000 	C:\gradle-8.4\native\c067742578af261105cb4f569cf0c3c89f3d7b1fecec35dd04571415982c5e48\windows-amd64\native-platform.dll
0x00007ff941690000 - 0x00007ff9417d4000 	C:\gradle-8.4\native\38dada09dfb8b06ba9b0570ebf7e218e3eb74d4ef43ca46872605cf95ebc2f47\windows-amd64\native-platform-file-events.dll
0x00007ff97e710000 - 0x00007ff97e719000 	C:\Program Files\Java\jdk-17.0.4\bin\management.dll
0x00007ff97e6b0000 - 0x00007ff97e6bb000 	C:\Program Files\Java\jdk-17.0.4\bin\management_ext.dll
0x00007ff989fb0000 - 0x00007ff989fc8000 	C:\Windows\SYSTEM32\CRYPTSP.dll
0x00007ff989620000 - 0x00007ff989654000 	C:\Windows\system32\rsaenh.dll
0x00007ff98a4d0000 - 0x00007ff98a4fe000 	C:\Windows\SYSTEM32\USERENV.dll
0x00007ff989fa0000 - 0x00007ff989fac000 	C:\Windows\SYSTEM32\CRYPTBASE.dll
0x00007ff989a20000 - 0x00007ff989a5b000 	C:\Windows\SYSTEM32\IPHLPAPI.DLL
0x00007ff98c830000 - 0x00007ff98c838000 	C:\Windows\System32\NSI.dll
0x00007ff980780000 - 0x00007ff980797000 	C:\Windows\SYSTEM32\dhcpcsvc6.DLL
0x00007ff982c70000 - 0x00007ff982c8d000 	C:\Windows\SYSTEM32\dhcpcsvc.DLL
0x00007ff989a60000 - 0x00007ff989b2a000 	C:\Windows\SYSTEM32\DNSAPI.dll
0x00007ff9740c0000 - 0x00007ff9740ce000 	C:\Program Files\Java\jdk-17.0.4\bin\sunmscapi.dll
0x00007ff98ad50000 - 0x00007ff98aeac000 	C:\Windows\System32\CRYPT32.dll
0x00007ff98a0c0000 - 0x00007ff98a0e9000 	C:\Windows\SYSTEM32\ncrypt.dll
0x00007ff98a080000 - 0x00007ff98a0bb000 	C:\Windows\SYSTEM32\NTASN1.dll
0x00007ff983b20000 - 0x00007ff983b27000 	C:\Windows\system32\wshunix.dll
0x00007ff975970000 - 0x00007ff97597a000 	C:\Windows\System32\rasadhlp.dll
0x00007ff97dd10000 - 0x00007ff97dd90000 	C:\Windows\System32\fwpuclnt.dll
0x00007ff982df0000 - 0x00007ff982e84000 	C:\Windows\system32\apphelp.dll

dbghelp: loaded successfully - version: 4.0.5 - missing functions: none
symbol engine: initialized successfully - sym options: 0x614 - pdb path: .;C:\Program Files\Java\jdk-17.0.4\bin;C:\Windows\SYSTEM32;C:\Windows\WinSxS\amd64_microsoft.windows.common-controls_6595b64144ccf1df_6.0.19041.4355_none_60b8b9eb71f62e16;C:\Program Files\Java\jdk-17.0.4\bin\server;C:\gradle-8.4\native\c067742578af261105cb4f569cf0c3c89f3d7b1fecec35dd04571415982c5e48\windows-amd64;C:\gradle-8.4\native\38dada09dfb8b06ba9b0570ebf7e218e3eb74d4ef43ca46872605cf95ebc2f47\windows-amd64

VM Arguments:
jvm_args: --add-opens=java.base/java.util=ALL-UNNAMED --add-opens=java.base/java.lang=ALL-UNNAMED --add-opens=java.base/java.lang.invoke=ALL-UNNAMED --add-opens=java.prefs/java.util.prefs=ALL-UNNAMED --add-opens=java.base/java.nio.charset=ALL-UNNAMED --add-opens=java.base/java.net=ALL-UNNAMED --add-opens=java.base/java.util.concurrent.atomic=ALL-UNNAMED -XX:MaxMetaspaceSize=384m -XX:+HeapDumpOnOutOfMemoryError -Xms256m -Xmx512m -Dfile.encoding=windows-1251 -Duser.country=RU -Duser.language=ru -Duser.variant -javaagent:C:\gradle-8.4\wrapper\dists\gradle-8.5-bin\5t9huq95ubn472n8rpzujfbqh\gradle-8.5\lib\agents\gradle-instrumentation-agent-8.5.jar 
java_command: org.gradle.launcher.daemon.bootstrap.GradleDaemon 8.5
java_class_path (initial): C:\gradle-8.4\wrapper\dists\gradle-8.5-bin\5t9huq95ubn472n8rpzujfbqh\gradle-8.5\lib\gradle-launcher-8.5.jar
Launcher Type: SUN_STANDARD

[Global flags]
     intx CICompilerCount                          = 4                                         {product} {ergonomic}
   size_t CompressedClassSpaceSize                 = 322961408                                 {product} {ergonomic}
     uint ConcGCThreads                            = 2                                         {product} {ergonomic}
     uint G1ConcRefinementThreads                  = 8                                         {product} {ergonomic}
   size_t G1HeapRegionSize                         = 1048576                                   {product} {ergonomic}
    uintx GCDrainStackTargetSize                   = 64                                        {product} {ergonomic}
     bool HeapDumpOnOutOfMemoryError               = true                                   {manageable} {command line}
   size_t InitialHeapSize                          = 268435456                                 {product} {command line}
   size_t MarkStackSize                            = 4194304                                   {product} {ergonomic}
   size_t MaxHeapSize                              = 536870912                                 {product} {command line}
   size_t MaxMetaspaceSize                         = 402653184                                 {product} {command line}
   size_t MaxNewSize                               = 321912832                                 {product} {ergonomic}
   size_t MinHeapDeltaBytes                        = 1048576                                   {product} {ergonomic}
   size_t MinHeapSize                              = 268435456                                 {product} {command line}
    uintx NonNMethodCodeHeapSize                   = 5839372                                {pd product} {ergonomic}
    uintx NonProfiledCodeHeapSize                  = 122909434                              {pd product} {ergonomic}
    uintx ProfiledCodeHeapSize                     = 122909434                              {pd product} {ergonomic}
    uintx ReservedCodeCacheSize                    = 251658240                              {pd product} {ergonomic}
     bool SegmentedCodeCache                       = true                                      {product} {ergonomic}
   size_t SoftMaxHeapSize                          = 536870912                              {manageable} {ergonomic}
     bool UseCompressedClassPointers               = true                           {product lp64_product} {ergonomic}
     bool UseCompressedOops                        = true                           {product lp64_product} {ergonomic}
     bool UseG1GC                                  = true                                      {product} {ergonomic}
     bool UseLargePagesIndividualAllocation        = false                                  {pd product} {ergonomic}

Logging:
Log output configuration:
 #0: stdout all=warning uptime,level,tags
 #1: stderr all=off uptime,level,tags

Environment Variables:
JAVA_HOME=C:\Program Files\Java\jdk-17.0.4
PATH=C:\Program Files\Common Files\Oracle\Java\javapath;C:\Windows\system32;C:\Windows;C:\Windows\System32\Wbem;C:\Windows\System32\WindowsPowerShell\v1.0\;C:\Windows\System32\OpenSSH\;C:\Program Files\Git\cmd;C:\Program Files (x86)\NVIDIA Corporation\PhysX\Common;C:\Program Files\PuTTY\;C:\Users\Xiaomi\AppData\Roaming\nvm;C:\Program Files\nodejs;C:\Program Files\Microsoft SQL Server\Client SDK\ODBC\170\Tools\Binn\;C:\Program Files\dotnet\;C:\maven\apache-maven-3.9.5\bin;C:\Program Files\Java\jdk-17.0.4\bin;C:\Program Files\Docker\Docker\resources\bin;C:\gradle-8.4\bin;D:\apache-artemis-2.31.2-bin\bin;D:\Postgres\bin;C:\Program Files\MySQL\MySQL Shell 8.0\bin\;C:\Users\Xiaomi\AppData\Local\Microsoft\WindowsApps;D:\IntelliJ IDEA 2024.1.4\bin;;C:\maven\apache-maven-3.9.5\bin;C:\Program Files\JetBrains\PhpStorm 2021.3.2\bin;;C:\Users\Xiaomi\.dotnet\tools;C:\Program Files\Java\jdk-17.0.4\bin;C:\gradle-8.4\bin;D:\Postgres\bin;
USERNAME=Xiaomi
OS=Windows_NT
PROCESSOR_IDENTIFIER=Intel64 Family 6 Model 142 Stepping 10, GenuineIntel



---------------  S Y S T E M  ---------------

OS:
 Windows 10 , 64 bit Build 19041 (10.0.19041.4842)
OS uptime: 0 days 19:50 hours
Hyper-V role detected

CPU: total 8 (initial active 8) (4 cores per cpu, 2 threads per core) family 6 model 142 stepping 10 microcode 0xb4, cx8, cmov, fxsr, ht, mmx, 3dnowpref, sse, sse2, sse3, ssse3, sse4.1, sse4.2, popcnt, lzcnt, tsc, tscinvbit, avx, avx2, aes, erms, clmul, bmi1, bmi2, adx, fma, vzeroupper, clflush, clflushopt, hv

Memory: 4k page, system-wide physical 16290M (2440M free)
TotalPageFile size 23584M (AvailPageFile size 19M)
current process WorkingSet (physical memory assigned to process): 618M, peak: 621M
current process commit charge ("private bytes"): 681M, peak: 706M

vm_info: Java HotSpot(TM) 64-Bit Server VM (17.0.4+11-LTS-179) for windows-amd64 JRE (17.0.4+11-LTS-179), built on Jun 28 2022 08:23:05 by "mach5one" with MS VC++ 16.8 / 16.9 (VS2019)

END.
